正在执行测试方法[searchInBaidu],方法描述为[null]
正在执行测试方法[searchInBaidu],方法描述为[null]
正在执行测试方法[searchInBaidu],方法描述为[null]
正在执行测试方法[searchInBaidu],方法描述为[null]
正在执行测试方法[searchInBaidu],方法描述为[null]
正在执行测试方法[searchInBaidu],方法描述为[null]
正在执行测试方法[searchInBaidu],方法描述为[null]
正在执行测试方法[searchInBaidu],方法描述为[null]
正在执行测试方法[searchInBaidu],方法描述为[null]
正在执行测试方法[searchInBaidu],方法描述为[null]
正在执行测试方法[searchInBaidu],方法描述为[null]
正在执行测试方法[searchInBaidu],方法描述为[null]
Reading http://chromedriver.storage.googleapis.com/ to seek chromedriver
Exporting webdriver.chrome.driver as /Users/chenDoInG/.m2/repository/webdriver/chromedriver/mac32/2.21/chromedriver
正在执行测试方法[click],方法描述为[测试]
open [http://www.baidu.com]
finding element by [By.linkText: 测试]
Reading http://chromedriver.storage.googleapis.com/ to seek chromedriver
Exporting webdriver.chrome.driver as /Users/chenDoInG/.m2/repository/webdriver/chromedriver/mac32/2.21/chromedriver
正在执行测试方法[getDesc],方法描述为[测试2]
正在执行测试方法[searchInBaidu],方法描述为[null]
正在执行测试方法[searchInBaidu],方法描述为[null]
正在执行测试方法[searchInBaidu],方法描述为[null]
正在执行测试方法[searchInBaidu],方法描述为[null]
正在执行测试方法[searchInBaidu],方法描述为[null]
正在执行测试方法[searchInBaidu],方法描述为[null]
正在执行测试方法[searchInBaidu],方法描述为[null]
正在执行测试方法[searchInBaidu],方法描述为[null]
Reading http://chromedriver.storage.googleapis.com/ to seek chromedriver
Exporting webdriver.chrome.driver as /Users/chenDoInG/.m2/repository/webdriver/chromedriver/mac32/2.21/chromedriver
正在执行测试方法[searchInBaidu],方法描述为[null]
Reading http://chromedriver.storage.googleapis.com/ to seek chromedriver
Exporting webdriver.chrome.driver as /Users/chenDoInG/.m2/repository/webdriver/chromedriver/mac32/2.21/chromedriver
正在执行测试方法[searchInBaidu],方法描述为[null]
Reading http://chromedriver.storage.googleapis.com/ to seek chromedriver
Exporting webdriver.chrome.driver as /Users/chenDoInG/.m2/repository/webdriver/chromedriver/mac32/2.21/chromedriver
正在执行测试方法[searchInBaidu],方法描述为[null]
Reading http://chromedriver.storage.googleapis.com/ to seek chromedriver
正在执行测试方法[searchInBaidu],方法描述为[null]
Reading http://chromedriver.storage.googleapis.com/ to seek chromedriver
Exporting webdriver.chrome.driver as /Users/chenDoInG/.m2/repository/webdriver/chromedriver/mac32/2.21/chromedriver
正在执行测试方法[searchInBaidu],方法描述为[null]
Reading http://chromedriver.storage.googleapis.com/ to seek chromedriver
Exporting webdriver.chrome.driver as /Users/chenDoInG/.m2/repository/webdriver/chromedriver/mac32/2.21/chromedriver
关闭浏览器
正在执行测试方法[searchInBaidu],方法描述为[null]
Reading http://chromedriver.storage.googleapis.com/ to seek chromedriver
Exporting webdriver.chrome.driver as /Users/chenDoInG/.m2/repository/webdriver/chromedriver/mac32/2.21/chromedriver
关闭浏览器
正在执行测试方法[searchInBaidu],方法描述为[null]
正在执行测试方法[searchInBaidu],方法描述为[null]
Reading http://chromedriver.storage.googleapis.com/ to seek chromedriver
Exporting webdriver.chrome.driver as /Users/chenDoInG/.m2/repository/webdriver/chromedriver/mac32/2.21/chromedriver
关闭浏览器
正在执行测试方法[searchInBaidu],方法描述为[null]
Reading http://chromedriver.storage.googleapis.com/ to seek chromedriver
Exporting webdriver.chrome.driver as /Users/chenDoInG/.m2/repository/webdriver/chromedriver/mac32/2.21/chromedriver
关闭浏览器
正在执行测试方法[searchInBaidu],方法描述为[null]
Reading http://chromedriver.storage.googleapis.com/ to seek chromedriver
Exporting webdriver.chrome.driver as /Users/chenDoInG/.m2/repository/webdriver/chromedriver/mac32/2.21/chromedriver
关闭浏览器
正在执行测试方法[searchInBaidu],方法描述为[null]
Reading http://chromedriver.storage.googleapis.com/ to seek chromedriver
Exporting webdriver.chrome.driver as /Users/chenDoInG/.m2/repository/webdriver/chromedriver/mac32/2.21/chromedriver
关闭浏览器
正在执行测试方法[searchInBaidu],方法描述为[null]
正在执行测试方法[searchInBaidu],方法描述为[null]
Reading http://chromedriver.storage.googleapis.com/ to seek chromedriver
Exporting webdriver.chrome.driver as /Users/chenDoInG/.m2/repository/webdriver/chromedriver/mac32/2.21/chromedriver
关闭浏览器
正在执行测试方法[searchInBaidu],方法描述为[null]
Reading http://chromedriver.storage.googleapis.com/ to seek chromedriver
Exporting webdriver.chrome.driver as /Users/chenDoInG/.m2/repository/webdriver/chromedriver/mac32/2.21/chromedriver
关闭浏览器
正在执行测试方法[searchInBaidu],方法描述为[null]
Reading http://chromedriver.storage.googleapis.com/ to seek chromedriver
Exporting webdriver.chrome.driver as /Users/chenDoInG/.m2/repository/webdriver/chromedriver/mac32/2.21/chromedriver
关闭浏览器
正在执行测试方法[searchInBaidu],方法描述为[null]
正在执行测试方法[searchInBaidu],方法描述为[null]
正在执行测试方法[searchInBaidu],方法描述为[null]
正在执行测试方法[searchInBaidu],方法描述为[null]
正在执行测试方法[searchInBaidu],方法描述为[null]
Reading http://chromedriver.storage.googleapis.com/ to seek chromedriver
正在执行测试方法[searchInBaidu],方法描述为[null]
Reading http://chromedriver.storage.googleapis.com/ to seek chromedriver
Exporting webdriver.chrome.driver as /Users/chenDoInG/.m2/repository/webdriver/chromedriver/mac32/2.21/chromedriver
关闭浏览器
正在执行测试方法[searchInBaidu],方法描述为[null]
Reading http://chromedriver.storage.googleapis.com/ to seek chromedriver
Exporting webdriver.chrome.driver as /Users/chenDoInG/.m2/repository/webdriver/chromedriver/mac32/2.21/chromedriver
正在执行测试方法[click],方法描述为[测试]
关闭浏览器
正在执行测试方法[searchInBaidu],方法描述为[null]
Reading http://chromedriver.storage.googleapis.com/ to seek chromedriver
Exporting webdriver.chrome.driver as /Users/chenDoInG/.m2/repository/webdriver/chromedriver/mac32/2.21/chromedriver
正在执行测试方法[click],方法描述为[测试]
关闭浏览器
正在执行测试方法[searchInBaidu],方法描述为[null]
Reading http://chromedriver.storage.googleapis.com/ to seek chromedriver
Exporting webdriver.chrome.driver as /Users/chenDoInG/.m2/repository/webdriver/chromedriver/mac32/2.21/chromedriver
关闭浏览器
正在执行测试方法[searchInBaidu],方法描述为[null]
Reading http://chromedriver.storage.googleapis.com/ to seek chromedriver
Exporting webdriver.chrome.driver as /Users/chenDoInG/.m2/repository/webdriver/chromedriver/mac32/2.21/chromedriver
关闭浏览器
正在执行测试方法[searchInBaidu],方法描述为[null]
Reading http://chromedriver.storage.googleapis.com/ to seek chromedriver
Exporting webdriver.chrome.driver as /Users/chenDoInG/.m2/repository/webdriver/chromedriver/mac32/2.21/chromedriver
正在执行测试方法[click],方法描述为[测试]
关闭浏览器
正在执行测试方法[searchInBaidu],方法描述为[null]
Reading http://chromedriver.storage.googleapis.com/ to seek chromedriver
Exporting webdriver.chrome.driver as /Users/chenDoInG/.m2/repository/webdriver/chromedriver/mac32/2.21/chromedriver
正在执行测试方法[click],方法描述为[测试]
关闭浏览器
正在执行测试方法[searchInBaidu],方法描述为[null]
Reading http://chromedriver.storage.googleapis.com/ to seek chromedriver
Exporting webdriver.chrome.driver as /Users/chenDoInG/.m2/repository/webdriver/chromedriver/mac32/2.21/chromedriver
正在执行测试方法[click],方法描述为[测试]
关闭浏览器
正在执行测试方法[searchInBaidu],方法描述为[null]
Reading http://chromedriver.storage.googleapis.com/ to seek chromedriver
Exporting webdriver.chrome.driver as /Users/chenDoInG/.m2/repository/webdriver/chromedriver/mac32/2.21/chromedriver
正在执行测试方法[click],方法描述为[测试]
关闭浏览器
正在执行测试方法[searchInBaidu],方法描述为[null]
Reading http://chromedriver.storage.googleapis.com/ to seek chromedriver
Exporting webdriver.chrome.driver as /Users/chenDoInG/.m2/repository/webdriver/chromedriver/mac32/2.21/chromedriver
正在执行测试方法[click],方法描述为[测试]
关闭浏览器
org.testng.internal.MethodInstance
正在执行测试方法[searchInBaidu],方法描述为[null]
org.testng.internal.MethodInstance
Reading http://chromedriver.storage.googleapis.com/ to seek chromedriver
Exporting webdriver.chrome.driver as /Users/chenDoInG/.m2/repository/webdriver/chromedriver/mac32/2.21/chromedriver
正在执行测试方法[click],方法描述为[测试]
关闭浏览器
GoogleSuite
正在执行测试方法[searchInBaidu],方法描述为[null]
GoogleSuite
正在执行测试方法[searchInBaidu],方法描述为[null]
BaiduSuite
Reading http://chromedriver.storage.googleapis.com/ to seek chromedriver
Exporting webdriver.chrome.driver as /Users/chenDoInG/.m2/repository/webdriver/chromedriver/mac32/2.21/chromedriver
正在执行测试方法[click],方法描述为[测试]
关闭浏览器
GoogleSuite
正在执行测试方法[searchInBaidu],方法描述为[null]
BaiduSuite
Reading http://chromedriver.storage.googleapis.com/ to seek chromedriver
Exporting webdriver.chrome.driver as /Users/chenDoInG/.m2/repository/webdriver/chromedriver/mac32/2.21/chromedriver
正在执行测试方法[click],方法描述为[测试]
关闭浏览器
GoogleSuite
正在执行测试方法[searchInBaidu],方法描述为[null]
GoogleSuite
正在执行测试方法[searchInBaidu],方法描述为[null]
BaiduSuite
Reading http://chromedriver.storage.googleapis.com/ to seek chromedriver
Exporting webdriver.chrome.driver as /Users/chenDoInG/.m2/repository/webdriver/chromedriver/mac32/2.21/chromedriver
关闭浏览器
GoogleSuite
正在执行测试方法[searchInBaidu],方法描述为[null]
BaiduSuite
Reading http://chromedriver.storage.googleapis.com/ to seek chromedriver
Exporting webdriver.chrome.driver as /Users/chenDoInG/.m2/repository/webdriver/chromedriver/mac32/2.21/chromedriver
正在执行测试方法[click],方法描述为[测试]
关闭浏览器
GoogleSuite
正在执行测试方法[searchInBaidu],方法描述为[null]
BaiduSuite
Reading http://chromedriver.storage.googleapis.com/ to seek chromedriver
Exporting webdriver.chrome.driver as /Users/chenDoInG/.m2/repository/webdriver/chromedriver/mac32/2.21/chromedriver
正在执行测试方法[click],方法描述为[测试]
关闭浏览器
正在执行测试方法[searchInBaidu],方法描述为[null]
Reading http://chromedriver.storage.googleapis.com/ to seek chromedriver
Exporting webdriver.chrome.driver as /Users/chenDoInG/.m2/repository/webdriver/chromedriver/mac32/2.21/chromedriver
关闭浏览器
正在执行测试方法[searchInBaidu],方法描述为[null]
Reading http://chromedriver.storage.googleapis.com/ to seek chromedriver
Exporting webdriver.chrome.driver as /Users/chenDoInG/.m2/repository/webdriver/chromedriver/mac32/2.21/chromedriver
关闭浏览器
正在执行测试方法[searchInBaidu],方法描述为[null]
Reading http://chromedriver.storage.googleapis.com/ to seek chromedriver
Exporting webdriver.chrome.driver as /Users/chenDoInG/.m2/repository/webdriver/chromedriver/mac32/2.21/chromedriver
关闭浏览器
Reading http://chromedriver.storage.googleapis.com/ to seek chromedriver
Exporting webdriver.chrome.driver as /Users/chenDoInG/.m2/repository/webdriver/chromedriver/mac32/2.21/chromedriver
正在执行测试方法[click],方法描述为[测试]
open [http://www.baidu.com]
finding element by [By.linkText: 测试]
关闭浏览器
Reading http://chromedriver.storage.googleapis.com/ to seek chromedriver
Exporting webdriver.chrome.driver as /Users/chenDoInG/.m2/repository/webdriver/chromedriver/mac32/2.21/chromedriver
正在执行测试方法[click],方法描述为[测试]
open [http://www.baidu.com]
finding element by [By.name: wd]
found element [By.name: wd]
type [测试] to element [name: wd]
关闭浏览器
Reading http://chromedriver.storage.googleapis.com/ to seek chromedriver
Exporting webdriver.chrome.driver as /Users/chenDoInG/.m2/repository/webdriver/chromedriver/mac32/2.21/chromedriver
关闭浏览器
Reading http://chromedriver.storage.googleapis.com/ to seek chromedriver
Exporting webdriver.chrome.driver as /Users/chenDoInG/.m2/repository/webdriver/chromedriver/mac32/2.21/chromedriver
关闭浏览器
正在执行测试方法[searchInBaidu],方法描述为[null]
Reading http://chromedriver.storage.googleapis.com/ to seek chromedriver
正在执行测试方法[searchInBaidu],方法描述为[null]
Reading http://chromedriver.storage.googleapis.com/ to seek chromedriver
Exporting webdriver.chrome.driver as /Users/chenDoInG/.m2/repository/webdriver/chromedriver/mac32/2.21/chromedriver
正在执行测试方法[click],方法描述为[测试]
open [http://www.baidu.com]
finding element by [By.name: wd]
found element [By.name: wd]
type [测试] to element [name: wd]
关闭浏览器
正在执行测试方法[searchInBaidu],方法描述为[null]
正在执行测试方法[searchInBaidu],方法描述为[null]
Reading http://chromedriver.storage.googleapis.com/ to seek chromedriver
Exporting webdriver.chrome.driver as /Users/chenDoInG/.m2/repository/webdriver/chromedriver/mac32/2.21/chromedriver
正在执行测试方法[getDesc],方法描述为[测试2]
Reading http://chromedriver.storage.googleapis.com/ to seek chromedriver
Exporting webdriver.chrome.driver as /Users/chenDoInG/.m2/repository/webdriver/chromedriver/mac32/2.21/chromedriver
正在执行测试方法[click],方法描述为[测试]
open [http://www.baidu.com]
finding element by [By.name: wd]
found element [By.name: wd]
type [测试] to element [name: wd]
关闭浏览器
正在执行测试方法[searchInBaidu],方法描述为[null]
Reading http://chromedriver.storage.googleapis.com/ to seek chromedriver
Exporting webdriver.chrome.driver as /Users/chenDoInG/.m2/repository/webdriver/chromedriver/mac32/2.21/chromedriver
正在执行测试方法[getDesc],方法描述为[测试2]
Reading http://chromedriver.storage.googleapis.com/ to seek chromedriver
Exporting webdriver.chrome.driver as /Users/chenDoInG/.m2/repository/webdriver/chromedriver/mac32/2.21/chromedriver
正在执行测试方法[click],方法描述为[测试]
open [http://www.baidu.com]
finding element by [By.name: wd]
found element [By.name: wd]
type [测试] to element [name: wd]
关闭浏览器
正在执行测试方法[searchInBaidu],方法描述为[null]
Reading http://chromedriver.storage.googleapis.com/ to seek chromedriver
Exporting webdriver.chrome.driver as /Users/chenDoInG/.m2/repository/webdriver/chromedriver/mac32/2.21/chromedriver
正在执行测试方法[getDesc],方法描述为[测试2]
Reading http://chromedriver.storage.googleapis.com/ to seek chromedriver
Exporting webdriver.chrome.driver as /Users/chenDoInG/.m2/repository/webdriver/chromedriver/mac32/2.21/chromedriver
正在执行测试方法[click],方法描述为[测试]
open [http://www.baidu.com]
finding element by [By.name: wd]
found element [By.name: wd]
type [测试] to element [name: wd]
关闭浏览器
正在执行测试方法[searchInBaidu],方法描述为[null]
正在执行测试方法[searchInBaidu],方法描述为[null]
正在执行测试方法[searchInBaidu],方法描述为[null]
Reading http://chromedriver.storage.googleapis.com/ to seek chromedriver
Exporting webdriver.chrome.driver as /Users/chenDoInG/.m2/repository/webdriver/chromedriver/mac32/2.21/chromedriver
正在执行测试方法[getDesc],方法描述为[测试2]
Reading http://chromedriver.storage.googleapis.com/ to seek chromedriver
Exporting webdriver.chrome.driver as /Users/chenDoInG/.m2/repository/webdriver/chromedriver/mac32/2.21/chromedriver
正在执行测试方法[click],方法描述为[测试]
open [http://www.baidu.com]
finding element by [By.name: wd]
found element [By.name: wd]
type [测试] to element [name: wd]
关闭浏览器
正在执行测试方法[searchInBaidu],方法描述为[null]
正在执行测试方法[searchInBaidu],方法描述为[null]
Reading http://chromedriver.storage.googleapis.com/ to seek chromedriver
Exporting webdriver.chrome.driver as /Users/chenDoInG/.m2/repository/webdriver/chromedriver/mac32/2.21/chromedriver
正在执行测试方法[getDesc],方法描述为[测试2]
Reading http://chromedriver.storage.googleapis.com/ to seek chromedriver
Exporting webdriver.chrome.driver as /Users/chenDoInG/.m2/repository/webdriver/chromedriver/mac32/2.21/chromedriver
正在执行测试方法[click],方法描述为[测试]
open [http://www.baidu.com]
finding element by [By.name: wd]
found element [By.name: wd]
type [测试] to element [name: wd]
关闭浏览器
正在执行测试方法[searchInBaidu],方法描述为[null]
正在执行测试方法[searchInBaidu],方法描述为[null]
Reading http://chromedriver.storage.googleapis.com/ to seek chromedriver
Exporting webdriver.chrome.driver as /Users/chenDoInG/.m2/repository/webdriver/chromedriver/mac32/2.21/chromedriver
正在执行测试方法[getDesc],方法描述为[测试2]
Reading http://chromedriver.storage.googleapis.com/ to seek chromedriver
Exporting webdriver.chrome.driver as /Users/chenDoInG/.m2/repository/webdriver/chromedriver/mac32/2.21/chromedriver
正在执行测试方法[click],方法描述为[测试]
open [http://www.baidu.com]
finding element by [By.name: wd]
found element [By.name: wd]
type [测试] to element [name: wd]
关闭浏览器
正在执行测试方法[searchInBaidu],方法描述为[null]
Reading http://chromedriver.storage.googleapis.com/ to seek chromedriver
Exporting webdriver.chrome.driver as /Users/chenDoInG/.m2/repository/webdriver/chromedriver/mac32/2.21/chromedriver
正在执行测试方法[getDesc],方法描述为[测试2]
关闭浏览器
Reading http://chromedriver.storage.googleapis.com/ to seek chromedriver
Exporting webdriver.chrome.driver as /Users/chenDoInG/.m2/repository/webdriver/chromedriver/mac32/2.21/chromedriver
正在执行测试方法[click],方法描述为[测试]
open [http://www.baidu.com]
finding element by [By.name: wd]
found element [By.name: wd]
type [测试] to element [name: wd]
关闭浏览器
关闭浏览器
正在执行测试方法[searchInBaidu],方法描述为[null]
Reading http://chromedriver.storage.googleapis.com/ to seek chromedriver
Exporting webdriver.chrome.driver as /Users/chenDoInG/.m2/repository/webdriver/chromedriver/mac32/2.21/chromedriver
正在执行测试方法[getDesc],方法描述为[测试2]
关闭浏览器
Reading http://chromedriver.storage.googleapis.com/ to seek chromedriver
Exporting webdriver.chrome.driver as /Users/chenDoInG/.m2/repository/webdriver/chromedriver/mac32/2.21/chromedriver
正在执行测试方法[click],方法描述为[测试]
open [http://www.baidu.com]
finding element by [By.name: wd]
found element [By.name: wd]
type [测试] to element [name: wd]
关闭浏览器百度一下，你就知道
关闭浏览器
正在执行测试方法[searchInBaidu],方法描述为[null]
Reading http://chromedriver.storage.googleapis.com/ to seek chromedriver
Exporting webdriver.chrome.driver as /Users/chenDoInG/.m2/repository/webdriver/chromedriver/mac32/2.21/chromedriver
正在执行测试方法[getDesc],方法描述为[测试2]
关闭浏览器:
Reading http://chromedriver.storage.googleapis.com/ to seek chromedriver
Exporting webdriver.chrome.driver as /Users/chenDoInG/.m2/repository/webdriver/chromedriver/mac32/2.21/chromedriver
正在执行测试方法[click],方法描述为[测试]
open [http://www.baidu.com]
finding element by [By.name: wd]
found element [By.name: wd]
type [测试] to element [name: wd]
关闭浏览器:百度一下，你就知道
正在执行测试方法[searchInBaidu],方法描述为[null]
Reading http://chromedriver.storage.googleapis.com/ to seek chromedriver
Exporting webdriver.chrome.driver as /Users/chenDoInG/.m2/repository/webdriver/chromedriver/mac32/2.21/chromedriver
正在执行测试方法[getDesc],方法描述为[测试2]
关闭浏览器:org.openqa.selenium.support.events.EventFiringWebDriver@49964d75
Reading http://chromedriver.storage.googleapis.com/ to seek chromedriver
Exporting webdriver.chrome.driver as /Users/chenDoInG/.m2/repository/webdriver/chromedriver/mac32/2.21/chromedriver
正在执行测试方法[click],方法描述为[测试]
open [http://www.baidu.com]
finding element by [By.name: wd]
found element [By.name: wd]
type [测试] to element [name: wd]
关闭浏览器:org.openqa.selenium.support.events.EventFiringWebDriver@72437d8d
关闭浏览器:org.openqa.selenium.support.events.EventFiringWebDriver@72437d8d
正在执行测试方法[searchInBaidu],方法描述为[null]
Reading http://chromedriver.storage.googleapis.com/ to seek chromedriver
Exporting webdriver.chrome.driver as /Users/chenDoInG/.m2/repository/webdriver/chromedriver/mac32/2.21/chromedriver
正在执行测试方法[getDesc],方法描述为[测试2]
关闭浏览器:org.openqa.selenium.support.events.EventFiringWebDriver@49964d75
Reading http://chromedriver.storage.googleapis.com/ to seek chromedriver
Exporting webdriver.chrome.driver as /Users/chenDoInG/.m2/repository/webdriver/chromedriver/mac32/2.21/chromedriver
正在执行测试方法[click],方法描述为[测试]
open [http://www.baidu.com]
finding element by [By.name: wd]
found element [By.name: wd]
type [测试] to element [name: wd]
关闭浏览器:org.openqa.selenium.support.events.EventFiringWebDriver@72437d8d
关闭浏览器:org.openqa.selenium.support.events.EventFiringWebDriver@72437d8d
