2016-04-12 13:37:48  [ main:0 ] - [ INFO ]  Reading http://chromedriver.storage.googleapis.com/ to seek chromedriver
2016-04-12 13:37:49  [ main:1491 ] - [ INFO ]  Latest version of chromedriver is 2.21
2016-04-12 13:37:49  [ main:1504 ] - [ DEBUG ]  Using binary driver previously downloaded /Users/chenDoInG/.m2/repository/webdriver/chromedriver/mac32/2.21/chromedriver
2016-04-12 13:37:49  [ main:1505 ] - [ INFO ]  Exporting webdriver.chrome.driver as /Users/chenDoInG/.m2/repository/webdriver/chromedriver/mac32/2.21/chromedriver
2016-04-12 13:37:51  [ Forwarding newSession on session null to remote:3090 ] - [ DEBUG ]  CookieSpec selected: default
2016-04-12 13:37:51  [ Forwarding newSession on session null to remote:3100 ] - [ DEBUG ]  Auth cache not set in the context
2016-04-12 13:37:51  [ Forwarding newSession on session null to remote:3101 ] - [ DEBUG ]  Connection request: [route: {}->http://localhost:2004][total kept alive: 0; route allocated: 0 of 2000; total allocated: 0 of 2000]
2016-04-12 13:37:51  [ Forwarding newSession on session null to remote:3116 ] - [ DEBUG ]  Connection leased: [id: 0][route: {}->http://localhost:2004][total kept alive: 0; route allocated: 1 of 2000; total allocated: 1 of 2000]
2016-04-12 13:37:51  [ Forwarding newSession on session null to remote:3117 ] - [ DEBUG ]  Opening connection {}->http://localhost:2004
2016-04-12 13:37:51  [ Forwarding newSession on session null to remote:3118 ] - [ DEBUG ]  Connecting to localhost/127.0.0.1:2004
2016-04-12 13:37:51  [ Forwarding newSession on session null to remote:3119 ] - [ DEBUG ]  Connection established 127.0.0.1:63595<->127.0.0.1:2004
2016-04-12 13:37:51  [ Forwarding newSession on session null to remote:3120 ] - [ DEBUG ]  http-outgoing-0: set socket timeout to 10800000
2016-04-12 13:37:51  [ Forwarding newSession on session null to remote:3120 ] - [ DEBUG ]  Executing request POST /session HTTP/1.1
2016-04-12 13:37:51  [ Forwarding newSession on session null to remote:3120 ] - [ DEBUG ]  Target auth state: UNCHALLENGED
2016-04-12 13:37:51  [ Forwarding newSession on session null to remote:3121 ] - [ DEBUG ]  Proxy auth state: UNCHALLENGED
2016-04-12 13:37:51  [ Forwarding newSession on session null to remote:3122 ] - [ DEBUG ]  http-outgoing-0 >> POST /session HTTP/1.1
2016-04-12 13:37:51  [ Forwarding newSession on session null to remote:3123 ] - [ DEBUG ]  http-outgoing-0 >> Content-Type: application/json; charset=utf-8
2016-04-12 13:37:51  [ Forwarding newSession on session null to remote:3123 ] - [ DEBUG ]  http-outgoing-0 >> Content-Length: 122
2016-04-12 13:37:51  [ Forwarding newSession on session null to remote:3123 ] - [ DEBUG ]  http-outgoing-0 >> Host: localhost:2004
2016-04-12 13:37:51  [ Forwarding newSession on session null to remote:3124 ] - [ DEBUG ]  http-outgoing-0 >> Connection: Keep-Alive
2016-04-12 13:37:51  [ Forwarding newSession on session null to remote:3124 ] - [ DEBUG ]  http-outgoing-0 >> User-Agent: Apache-HttpClient/4.5.2 (Java/1.8.0_45)
2016-04-12 13:37:51  [ Forwarding newSession on session null to remote:3124 ] - [ DEBUG ]  http-outgoing-0 >> Accept-Encoding: gzip,deflate
2016-04-12 13:37:51  [ Forwarding newSession on session null to remote:3124 ] - [ DEBUG ]  http-outgoing-0 >> "POST /session HTTP/1.1[\r][\n]"
2016-04-12 13:37:51  [ Forwarding newSession on session null to remote:3124 ] - [ DEBUG ]  http-outgoing-0 >> "Content-Type: application/json; charset=utf-8[\r][\n]"
2016-04-12 13:37:51  [ Forwarding newSession on session null to remote:3125 ] - [ DEBUG ]  http-outgoing-0 >> "Content-Length: 122[\r][\n]"
2016-04-12 13:37:51  [ Forwarding newSession on session null to remote:3125 ] - [ DEBUG ]  http-outgoing-0 >> "Host: localhost:2004[\r][\n]"
2016-04-12 13:37:51  [ Forwarding newSession on session null to remote:3125 ] - [ DEBUG ]  http-outgoing-0 >> "Connection: Keep-Alive[\r][\n]"
2016-04-12 13:37:51  [ Forwarding newSession on session null to remote:3125 ] - [ DEBUG ]  http-outgoing-0 >> "User-Agent: Apache-HttpClient/4.5.2 (Java/1.8.0_45)[\r][\n]"
2016-04-12 13:37:51  [ Forwarding newSession on session null to remote:3125 ] - [ DEBUG ]  http-outgoing-0 >> "Accept-Encoding: gzip,deflate[\r][\n]"
2016-04-12 13:37:51  [ Forwarding newSession on session null to remote:3126 ] - [ DEBUG ]  http-outgoing-0 >> "[\r][\n]"
2016-04-12 13:37:51  [ Forwarding newSession on session null to remote:3126 ] - [ DEBUG ]  http-outgoing-0 >> "{"desiredCapabilities":{"browserName":"chrome","chromeOptions":{"args":[],"extensions":[]},"version":"","platform":"ANY"}}"
2016-04-12 13:37:52  [ Forwarding newSession on session null to remote:3904 ] - [ DEBUG ]  http-outgoing-0 << "HTTP/1.1 200 OK[\r][\n]"
2016-04-12 13:37:52  [ Forwarding newSession on session null to remote:3905 ] - [ DEBUG ]  http-outgoing-0 << "Content-Length:704[\r][\n]"
2016-04-12 13:37:52  [ Forwarding newSession on session null to remote:3905 ] - [ DEBUG ]  http-outgoing-0 << "Content-Type:application/json; charset=utf-8[\r][\n]"
2016-04-12 13:37:52  [ Forwarding newSession on session null to remote:3905 ] - [ DEBUG ]  http-outgoing-0 << "Connection:close[\r][\n]"
2016-04-12 13:37:52  [ Forwarding newSession on session null to remote:3905 ] - [ DEBUG ]  http-outgoing-0 << "[\r][\n]"
2016-04-12 13:37:52  [ Forwarding newSession on session null to remote:3906 ] - [ DEBUG ]  http-outgoing-0 << "{"sessionId":"bf7c682a1e03de591b2ebe31e0bac0c6","status":0,"value":{"acceptSslCerts":true,"applicationCacheEnabled":false,"browserConnectionEnabled":false,"browserName":"chrome","chrome":{"chromedriverVersion":"2.21.371459 (36d3d07f660ff2bc1bf28a75d1cdabed0983e7c4)","userDataDir":"/var/folders/wm/kww51b5514x2vsb62vc_qxl00000gn/T/.org.chromium.Chromium.GqsA4K"},"cssSelectorsEnabled":true,"databaseEnabled":false,"handlesAlerts":true,"hasTouchScreen":false,"javascriptEnabled":true,"locationContextEnabled":true,"mobileEmulationEnabled":false,"nativeEvents":true,"platform":"Mac OS X","rotatable":false,"takesHeapSnapshot":true,"takesScreenshot":true,"version":"49.0.2623.110","webStorageEnabled":true}}"
2016-04-12 13:37:52  [ Forwarding newSession on session null to remote:3908 ] - [ DEBUG ]  http-outgoing-0 << HTTP/1.1 200 OK
2016-04-12 13:37:52  [ Forwarding newSession on session null to remote:3909 ] - [ DEBUG ]  http-outgoing-0 << Content-Length:704
2016-04-12 13:37:52  [ Forwarding newSession on session null to remote:3909 ] - [ DEBUG ]  http-outgoing-0 << Content-Type:application/json; charset=utf-8
2016-04-12 13:37:52  [ Forwarding newSession on session null to remote:3909 ] - [ DEBUG ]  http-outgoing-0 << Connection:close
2016-04-12 13:37:52  [ Forwarding newSession on session null to remote:3919 ] - [ DEBUG ]  http-outgoing-0: Close connection
2016-04-12 13:37:52  [ Forwarding newSession on session null to remote:3920 ] - [ DEBUG ]  Connection discarded
2016-04-12 13:37:52  [ Forwarding newSession on session null to remote:3920 ] - [ DEBUG ]  Connection released: [id: 0][route: {}->http://localhost:2004][total kept alive: 0; route allocated: 0 of 2000; total allocated: 0 of 2000]
2016-04-12 13:37:52  [ Forwarding get on session bf7c682a1e03de591b2ebe31e0bac0c6 to remote:3941 ] - [ DEBUG ]  CookieSpec selected: default
2016-04-12 13:37:52  [ Forwarding get on session bf7c682a1e03de591b2ebe31e0bac0c6 to remote:3941 ] - [ DEBUG ]  Auth cache not set in the context
2016-04-12 13:37:52  [ Forwarding get on session bf7c682a1e03de591b2ebe31e0bac0c6 to remote:3941 ] - [ DEBUG ]  Connection request: [route: {}->http://localhost:2004][total kept alive: 0; route allocated: 0 of 2000; total allocated: 0 of 2000]
2016-04-12 13:37:52  [ Forwarding get on session bf7c682a1e03de591b2ebe31e0bac0c6 to remote:3942 ] - [ DEBUG ]  Connection leased: [id: 1][route: {}->http://localhost:2004][total kept alive: 0; route allocated: 1 of 2000; total allocated: 1 of 2000]
2016-04-12 13:37:52  [ Forwarding get on session bf7c682a1e03de591b2ebe31e0bac0c6 to remote:3942 ] - [ DEBUG ]  Opening connection {}->http://localhost:2004
2016-04-12 13:37:52  [ Forwarding get on session bf7c682a1e03de591b2ebe31e0bac0c6 to remote:3942 ] - [ DEBUG ]  Connecting to localhost/127.0.0.1:2004
2016-04-12 13:37:52  [ Forwarding get on session bf7c682a1e03de591b2ebe31e0bac0c6 to remote:3942 ] - [ DEBUG ]  Connection established 127.0.0.1:63669<->127.0.0.1:2004
2016-04-12 13:37:52  [ Forwarding get on session bf7c682a1e03de591b2ebe31e0bac0c6 to remote:3943 ] - [ DEBUG ]  http-outgoing-1: set socket timeout to 10800000
2016-04-12 13:37:52  [ Forwarding get on session bf7c682a1e03de591b2ebe31e0bac0c6 to remote:3943 ] - [ DEBUG ]  Executing request POST /session/bf7c682a1e03de591b2ebe31e0bac0c6/url HTTP/1.1
2016-04-12 13:37:52  [ Forwarding get on session bf7c682a1e03de591b2ebe31e0bac0c6 to remote:3943 ] - [ DEBUG ]  Target auth state: UNCHALLENGED
2016-04-12 13:37:52  [ Forwarding get on session bf7c682a1e03de591b2ebe31e0bac0c6 to remote:3943 ] - [ DEBUG ]  Proxy auth state: UNCHALLENGED
2016-04-12 13:37:52  [ Forwarding get on session bf7c682a1e03de591b2ebe31e0bac0c6 to remote:3943 ] - [ DEBUG ]  http-outgoing-1 >> POST /session/bf7c682a1e03de591b2ebe31e0bac0c6/url HTTP/1.1
2016-04-12 13:37:52  [ Forwarding get on session bf7c682a1e03de591b2ebe31e0bac0c6 to remote:3943 ] - [ DEBUG ]  http-outgoing-1 >> Content-Type: application/json; charset=utf-8
2016-04-12 13:37:52  [ Forwarding get on session bf7c682a1e03de591b2ebe31e0bac0c6 to remote:3944 ] - [ DEBUG ]  http-outgoing-1 >> Content-Length: 31
2016-04-12 13:37:52  [ Forwarding get on session bf7c682a1e03de591b2ebe31e0bac0c6 to remote:3944 ] - [ DEBUG ]  http-outgoing-1 >> Host: localhost:2004
2016-04-12 13:37:52  [ Forwarding get on session bf7c682a1e03de591b2ebe31e0bac0c6 to remote:3944 ] - [ DEBUG ]  http-outgoing-1 >> Connection: Keep-Alive
2016-04-12 13:37:52  [ Forwarding get on session bf7c682a1e03de591b2ebe31e0bac0c6 to remote:3944 ] - [ DEBUG ]  http-outgoing-1 >> User-Agent: Apache-HttpClient/4.5.2 (Java/1.8.0_45)
2016-04-12 13:37:52  [ Forwarding get on session bf7c682a1e03de591b2ebe31e0bac0c6 to remote:3944 ] - [ DEBUG ]  http-outgoing-1 >> Accept-Encoding: gzip,deflate
2016-04-12 13:37:52  [ Forwarding get on session bf7c682a1e03de591b2ebe31e0bac0c6 to remote:3944 ] - [ DEBUG ]  http-outgoing-1 >> "POST /session/bf7c682a1e03de591b2ebe31e0bac0c6/url HTTP/1.1[\r][\n]"
2016-04-12 13:37:52  [ Forwarding get on session bf7c682a1e03de591b2ebe31e0bac0c6 to remote:3945 ] - [ DEBUG ]  http-outgoing-1 >> "Content-Type: application/json; charset=utf-8[\r][\n]"
2016-04-12 13:37:52  [ Forwarding get on session bf7c682a1e03de591b2ebe31e0bac0c6 to remote:3945 ] - [ DEBUG ]  http-outgoing-1 >> "Content-Length: 31[\r][\n]"
2016-04-12 13:37:52  [ Forwarding get on session bf7c682a1e03de591b2ebe31e0bac0c6 to remote:3945 ] - [ DEBUG ]  http-outgoing-1 >> "Host: localhost:2004[\r][\n]"
2016-04-12 13:37:52  [ Forwarding get on session bf7c682a1e03de591b2ebe31e0bac0c6 to remote:3945 ] - [ DEBUG ]  http-outgoing-1 >> "Connection: Keep-Alive[\r][\n]"
2016-04-12 13:37:52  [ Forwarding get on session bf7c682a1e03de591b2ebe31e0bac0c6 to remote:3946 ] - [ DEBUG ]  http-outgoing-1 >> "User-Agent: Apache-HttpClient/4.5.2 (Java/1.8.0_45)[\r][\n]"
2016-04-12 13:37:52  [ Forwarding get on session bf7c682a1e03de591b2ebe31e0bac0c6 to remote:3946 ] - [ DEBUG ]  http-outgoing-1 >> "Accept-Encoding: gzip,deflate[\r][\n]"
2016-04-12 13:37:52  [ Forwarding get on session bf7c682a1e03de591b2ebe31e0bac0c6 to remote:3946 ] - [ DEBUG ]  http-outgoing-1 >> "[\r][\n]"
2016-04-12 13:37:52  [ Forwarding get on session bf7c682a1e03de591b2ebe31e0bac0c6 to remote:3947 ] - [ DEBUG ]  http-outgoing-1 >> "{"url":"http://www.liepin.com"}"
2016-04-12 13:37:53  [ Forwarding get on session bf7c682a1e03de591b2ebe31e0bac0c6 to remote:5222 ] - [ DEBUG ]  http-outgoing-1 << "HTTP/1.1 200 OK[\r][\n]"
2016-04-12 13:37:53  [ Forwarding get on session bf7c682a1e03de591b2ebe31e0bac0c6 to remote:5222 ] - [ DEBUG ]  http-outgoing-1 << "Content-Length:72[\r][\n]"
2016-04-12 13:37:53  [ Forwarding get on session bf7c682a1e03de591b2ebe31e0bac0c6 to remote:5222 ] - [ DEBUG ]  http-outgoing-1 << "Content-Type:application/json; charset=utf-8[\r][\n]"
2016-04-12 13:37:53  [ Forwarding get on session bf7c682a1e03de591b2ebe31e0bac0c6 to remote:5222 ] - [ DEBUG ]  http-outgoing-1 << "Connection:close[\r][\n]"
2016-04-12 13:37:53  [ Forwarding get on session bf7c682a1e03de591b2ebe31e0bac0c6 to remote:5223 ] - [ DEBUG ]  http-outgoing-1 << "[\r][\n]"
2016-04-12 13:37:53  [ Forwarding get on session bf7c682a1e03de591b2ebe31e0bac0c6 to remote:5223 ] - [ DEBUG ]  http-outgoing-1 << "{"sessionId":"bf7c682a1e03de591b2ebe31e0bac0c6","status":0,"value":null}"
2016-04-12 13:37:53  [ Forwarding get on session bf7c682a1e03de591b2ebe31e0bac0c6 to remote:5223 ] - [ DEBUG ]  http-outgoing-1 << HTTP/1.1 200 OK
2016-04-12 13:37:53  [ Forwarding get on session bf7c682a1e03de591b2ebe31e0bac0c6 to remote:5223 ] - [ DEBUG ]  http-outgoing-1 << Content-Length:72
2016-04-12 13:37:53  [ Forwarding get on session bf7c682a1e03de591b2ebe31e0bac0c6 to remote:5223 ] - [ DEBUG ]  http-outgoing-1 << Content-Type:application/json; charset=utf-8
2016-04-12 13:37:53  [ Forwarding get on session bf7c682a1e03de591b2ebe31e0bac0c6 to remote:5224 ] - [ DEBUG ]  http-outgoing-1 << Connection:close
2016-04-12 13:37:53  [ Forwarding get on session bf7c682a1e03de591b2ebe31e0bac0c6 to remote:5224 ] - [ DEBUG ]  http-outgoing-1: Close connection
2016-04-12 13:37:53  [ Forwarding get on session bf7c682a1e03de591b2ebe31e0bac0c6 to remote:5224 ] - [ DEBUG ]  Connection discarded
2016-04-12 13:37:53  [ Forwarding get on session bf7c682a1e03de591b2ebe31e0bac0c6 to remote:5225 ] - [ DEBUG ]  Connection released: [id: 1][route: {}->http://localhost:2004][total kept alive: 0; route allocated: 0 of 2000; total allocated: 0 of 2000]
2016-04-12 13:37:53  [ Forwarding findElement on session bf7c682a1e03de591b2ebe31e0bac0c6 to remote:5228 ] - [ DEBUG ]  CookieSpec selected: default
2016-04-12 13:37:53  [ Forwarding findElement on session bf7c682a1e03de591b2ebe31e0bac0c6 to remote:5228 ] - [ DEBUG ]  Auth cache not set in the context
2016-04-12 13:37:53  [ Forwarding findElement on session bf7c682a1e03de591b2ebe31e0bac0c6 to remote:5228 ] - [ DEBUG ]  Connection request: [route: {}->http://localhost:2004][total kept alive: 0; route allocated: 0 of 2000; total allocated: 0 of 2000]
2016-04-12 13:37:53  [ Forwarding findElement on session bf7c682a1e03de591b2ebe31e0bac0c6 to remote:5228 ] - [ DEBUG ]  Connection leased: [id: 2][route: {}->http://localhost:2004][total kept alive: 0; route allocated: 1 of 2000; total allocated: 1 of 2000]
2016-04-12 13:37:53  [ Forwarding findElement on session bf7c682a1e03de591b2ebe31e0bac0c6 to remote:5228 ] - [ DEBUG ]  Opening connection {}->http://localhost:2004
2016-04-12 13:37:53  [ Forwarding findElement on session bf7c682a1e03de591b2ebe31e0bac0c6 to remote:5229 ] - [ DEBUG ]  Connecting to localhost/127.0.0.1:2004
2016-04-12 13:37:53  [ Forwarding findElement on session bf7c682a1e03de591b2ebe31e0bac0c6 to remote:5229 ] - [ DEBUG ]  Connection established 127.0.0.1:63817<->127.0.0.1:2004
2016-04-12 13:37:53  [ Forwarding findElement on session bf7c682a1e03de591b2ebe31e0bac0c6 to remote:5229 ] - [ DEBUG ]  http-outgoing-2: set socket timeout to 10800000
2016-04-12 13:37:53  [ Forwarding findElement on session bf7c682a1e03de591b2ebe31e0bac0c6 to remote:5229 ] - [ DEBUG ]  Executing request POST /session/bf7c682a1e03de591b2ebe31e0bac0c6/element HTTP/1.1
2016-04-12 13:37:53  [ Forwarding findElement on session bf7c682a1e03de591b2ebe31e0bac0c6 to remote:5230 ] - [ DEBUG ]  Target auth state: UNCHALLENGED
2016-04-12 13:37:53  [ Forwarding findElement on session bf7c682a1e03de591b2ebe31e0bac0c6 to remote:5230 ] - [ DEBUG ]  Proxy auth state: UNCHALLENGED
2016-04-12 13:37:53  [ Forwarding findElement on session bf7c682a1e03de591b2ebe31e0bac0c6 to remote:5230 ] - [ DEBUG ]  http-outgoing-2 >> POST /session/bf7c682a1e03de591b2ebe31e0bac0c6/element HTTP/1.1
2016-04-12 13:37:53  [ Forwarding findElement on session bf7c682a1e03de591b2ebe31e0bac0c6 to remote:5230 ] - [ DEBUG ]  http-outgoing-2 >> Content-Type: application/json; charset=utf-8
2016-04-12 13:37:53  [ Forwarding findElement on session bf7c682a1e03de591b2ebe31e0bac0c6 to remote:5230 ] - [ DEBUG ]  http-outgoing-2 >> Content-Length: 26
2016-04-12 13:37:53  [ Forwarding findElement on session bf7c682a1e03de591b2ebe31e0bac0c6 to remote:5231 ] - [ DEBUG ]  http-outgoing-2 >> Host: localhost:2004
2016-04-12 13:37:53  [ Forwarding findElement on session bf7c682a1e03de591b2ebe31e0bac0c6 to remote:5231 ] - [ DEBUG ]  http-outgoing-2 >> Connection: Keep-Alive
2016-04-12 13:37:53  [ Forwarding findElement on session bf7c682a1e03de591b2ebe31e0bac0c6 to remote:5231 ] - [ DEBUG ]  http-outgoing-2 >> User-Agent: Apache-HttpClient/4.5.2 (Java/1.8.0_45)
2016-04-12 13:37:53  [ Forwarding findElement on session bf7c682a1e03de591b2ebe31e0bac0c6 to remote:5231 ] - [ DEBUG ]  http-outgoing-2 >> Accept-Encoding: gzip,deflate
2016-04-12 13:37:53  [ Forwarding findElement on session bf7c682a1e03de591b2ebe31e0bac0c6 to remote:5231 ] - [ DEBUG ]  http-outgoing-2 >> "POST /session/bf7c682a1e03de591b2ebe31e0bac0c6/element HTTP/1.1[\r][\n]"
2016-04-12 13:37:53  [ Forwarding findElement on session bf7c682a1e03de591b2ebe31e0bac0c6 to remote:5232 ] - [ DEBUG ]  http-outgoing-2 >> "Content-Type: application/json; charset=utf-8[\r][\n]"
2016-04-12 13:37:53  [ Forwarding findElement on session bf7c682a1e03de591b2ebe31e0bac0c6 to remote:5232 ] - [ DEBUG ]  http-outgoing-2 >> "Content-Length: 26[\r][\n]"
2016-04-12 13:37:53  [ Forwarding findElement on session bf7c682a1e03de591b2ebe31e0bac0c6 to remote:5232 ] - [ DEBUG ]  http-outgoing-2 >> "Host: localhost:2004[\r][\n]"
2016-04-12 13:37:53  [ Forwarding findElement on session bf7c682a1e03de591b2ebe31e0bac0c6 to remote:5232 ] - [ DEBUG ]  http-outgoing-2 >> "Connection: Keep-Alive[\r][\n]"
2016-04-12 13:37:53  [ Forwarding findElement on session bf7c682a1e03de591b2ebe31e0bac0c6 to remote:5232 ] - [ DEBUG ]  http-outgoing-2 >> "User-Agent: Apache-HttpClient/4.5.2 (Java/1.8.0_45)[\r][\n]"
2016-04-12 13:37:53  [ Forwarding findElement on session bf7c682a1e03de591b2ebe31e0bac0c6 to remote:5232 ] - [ DEBUG ]  http-outgoing-2 >> "Accept-Encoding: gzip,deflate[\r][\n]"
2016-04-12 13:37:53  [ Forwarding findElement on session bf7c682a1e03de591b2ebe31e0bac0c6 to remote:5232 ] - [ DEBUG ]  http-outgoing-2 >> "[\r][\n]"
2016-04-12 13:37:53  [ Forwarding findElement on session bf7c682a1e03de591b2ebe31e0bac0c6 to remote:5233 ] - [ DEBUG ]  http-outgoing-2 >> "{"using":"id","value":"i"}"
2016-04-12 13:37:53  [ Forwarding findElement on session bf7c682a1e03de591b2ebe31e0bac0c6 to remote:5246 ] - [ DEBUG ]  http-outgoing-2 << "HTTP/1.1 200 OK[\r][\n]"
2016-04-12 13:37:53  [ Forwarding findElement on session bf7c682a1e03de591b2ebe31e0bac0c6 to remote:5246 ] - [ DEBUG ]  http-outgoing-2 << "Content-Length:322[\r][\n]"
2016-04-12 13:37:53  [ Forwarding findElement on session bf7c682a1e03de591b2ebe31e0bac0c6 to remote:5246 ] - [ DEBUG ]  http-outgoing-2 << "Content-Type:application/json; charset=utf-8[\r][\n]"
2016-04-12 13:37:53  [ Forwarding findElement on session bf7c682a1e03de591b2ebe31e0bac0c6 to remote:5246 ] - [ DEBUG ]  http-outgoing-2 << "Connection:close[\r][\n]"
2016-04-12 13:37:53  [ Forwarding findElement on session bf7c682a1e03de591b2ebe31e0bac0c6 to remote:5246 ] - [ DEBUG ]  http-outgoing-2 << "[\r][\n]"
2016-04-12 13:37:53  [ Forwarding findElement on session bf7c682a1e03de591b2ebe31e0bac0c6 to remote:5247 ] - [ DEBUG ]  http-outgoing-2 << "{"sessionId":"bf7c682a1e03de591b2ebe31e0bac0c6","status":7,"value":{"message":"no such element: Unable to locate element: {\"method\":\"id\",\"selector\":\"i\"}\n  (Session info: chrome=49.0.2623.110)\n  (Driver info: chromedriver=2.21.371459 (36d3d07f660ff2bc1bf28a75d1cdabed0983e7c4),platform=Mac OS X 10.11.4 x86_64)"}}"
2016-04-12 13:37:53  [ Forwarding findElement on session bf7c682a1e03de591b2ebe31e0bac0c6 to remote:5247 ] - [ DEBUG ]  http-outgoing-2 << HTTP/1.1 200 OK
2016-04-12 13:37:53  [ Forwarding findElement on session bf7c682a1e03de591b2ebe31e0bac0c6 to remote:5247 ] - [ DEBUG ]  http-outgoing-2 << Content-Length:322
2016-04-12 13:37:53  [ Forwarding findElement on session bf7c682a1e03de591b2ebe31e0bac0c6 to remote:5247 ] - [ DEBUG ]  http-outgoing-2 << Content-Type:application/json; charset=utf-8
2016-04-12 13:37:53  [ Forwarding findElement on session bf7c682a1e03de591b2ebe31e0bac0c6 to remote:5247 ] - [ DEBUG ]  http-outgoing-2 << Connection:close
2016-04-12 13:37:53  [ Forwarding findElement on session bf7c682a1e03de591b2ebe31e0bac0c6 to remote:5247 ] - [ DEBUG ]  http-outgoing-2: Close connection
2016-04-12 13:37:53  [ Forwarding findElement on session bf7c682a1e03de591b2ebe31e0bac0c6 to remote:5248 ] - [ DEBUG ]  Connection discarded
2016-04-12 13:37:53  [ Forwarding findElement on session bf7c682a1e03de591b2ebe31e0bac0c6 to remote:5248 ] - [ DEBUG ]  Connection released: [id: 2][route: {}->http://localhost:2004][total kept alive: 0; route allocated: 0 of 2000; total allocated: 0 of 2000]
2016-04-12 14:27:12  [ main:0 ] - [ INFO ]  Reading http://chromedriver.storage.googleapis.com/ to seek chromedriver
2016-04-12 14:27:13  [ main:1681 ] - [ INFO ]  Latest version of chromedriver is 2.21
2016-04-12 14:27:13  [ main:1695 ] - [ DEBUG ]  Using binary driver previously downloaded /Users/chenDoInG/.m2/repository/webdriver/chromedriver/mac32/2.21/chromedriver
2016-04-12 14:27:13  [ main:1695 ] - [ INFO ]  Exporting webdriver.chrome.driver as /Users/chenDoInG/.m2/repository/webdriver/chromedriver/mac32/2.21/chromedriver
2016-04-12 14:27:14  [ Forwarding newSession on session null to remote:2218 ] - [ DEBUG ]  CookieSpec selected: default
2016-04-12 14:27:14  [ Forwarding newSession on session null to remote:2229 ] - [ DEBUG ]  Auth cache not set in the context
2016-04-12 14:27:14  [ Forwarding newSession on session null to remote:2231 ] - [ DEBUG ]  Connection request: [route: {}->http://localhost:2265][total kept alive: 0; route allocated: 0 of 2000; total allocated: 0 of 2000]
2016-04-12 14:27:14  [ Forwarding newSession on session null to remote:2245 ] - [ DEBUG ]  Connection leased: [id: 0][route: {}->http://localhost:2265][total kept alive: 0; route allocated: 1 of 2000; total allocated: 1 of 2000]
2016-04-12 14:27:14  [ Forwarding newSession on session null to remote:2247 ] - [ DEBUG ]  Opening connection {}->http://localhost:2265
2016-04-12 14:27:14  [ Forwarding newSession on session null to remote:2248 ] - [ DEBUG ]  Connecting to localhost/127.0.0.1:2265
2016-04-12 14:27:14  [ Forwarding newSession on session null to remote:2249 ] - [ DEBUG ]  Connection established 127.0.0.1:59897<->127.0.0.1:2265
2016-04-12 14:27:14  [ Forwarding newSession on session null to remote:2249 ] - [ DEBUG ]  http-outgoing-0: set socket timeout to 10800000
2016-04-12 14:27:14  [ Forwarding newSession on session null to remote:2249 ] - [ DEBUG ]  Executing request POST /session HTTP/1.1
2016-04-12 14:27:14  [ Forwarding newSession on session null to remote:2249 ] - [ DEBUG ]  Target auth state: UNCHALLENGED
2016-04-12 14:27:14  [ Forwarding newSession on session null to remote:2250 ] - [ DEBUG ]  Proxy auth state: UNCHALLENGED
2016-04-12 14:27:14  [ Forwarding newSession on session null to remote:2251 ] - [ DEBUG ]  http-outgoing-0 >> POST /session HTTP/1.1
2016-04-12 14:27:14  [ Forwarding newSession on session null to remote:2252 ] - [ DEBUG ]  http-outgoing-0 >> Content-Type: application/json; charset=utf-8
2016-04-12 14:27:14  [ Forwarding newSession on session null to remote:2252 ] - [ DEBUG ]  http-outgoing-0 >> Content-Length: 122
2016-04-12 14:27:14  [ Forwarding newSession on session null to remote:2252 ] - [ DEBUG ]  http-outgoing-0 >> Host: localhost:2265
2016-04-12 14:27:14  [ Forwarding newSession on session null to remote:2252 ] - [ DEBUG ]  http-outgoing-0 >> Connection: Keep-Alive
2016-04-12 14:27:14  [ Forwarding newSession on session null to remote:2253 ] - [ DEBUG ]  http-outgoing-0 >> User-Agent: Apache-HttpClient/4.5.2 (Java/1.8.0_45)
2016-04-12 14:27:14  [ Forwarding newSession on session null to remote:2253 ] - [ DEBUG ]  http-outgoing-0 >> Accept-Encoding: gzip,deflate
2016-04-12 14:27:14  [ Forwarding newSession on session null to remote:2253 ] - [ DEBUG ]  http-outgoing-0 >> "POST /session HTTP/1.1[\r][\n]"
2016-04-12 14:27:14  [ Forwarding newSession on session null to remote:2253 ] - [ DEBUG ]  http-outgoing-0 >> "Content-Type: application/json; charset=utf-8[\r][\n]"
2016-04-12 14:27:14  [ Forwarding newSession on session null to remote:2253 ] - [ DEBUG ]  http-outgoing-0 >> "Content-Length: 122[\r][\n]"
2016-04-12 14:27:14  [ Forwarding newSession on session null to remote:2253 ] - [ DEBUG ]  http-outgoing-0 >> "Host: localhost:2265[\r][\n]"
2016-04-12 14:27:14  [ Forwarding newSession on session null to remote:2254 ] - [ DEBUG ]  http-outgoing-0 >> "Connection: Keep-Alive[\r][\n]"
2016-04-12 14:27:14  [ Forwarding newSession on session null to remote:2254 ] - [ DEBUG ]  http-outgoing-0 >> "User-Agent: Apache-HttpClient/4.5.2 (Java/1.8.0_45)[\r][\n]"
2016-04-12 14:27:14  [ Forwarding newSession on session null to remote:2254 ] - [ DEBUG ]  http-outgoing-0 >> "Accept-Encoding: gzip,deflate[\r][\n]"
2016-04-12 14:27:14  [ Forwarding newSession on session null to remote:2254 ] - [ DEBUG ]  http-outgoing-0 >> "[\r][\n]"
2016-04-12 14:27:14  [ Forwarding newSession on session null to remote:2254 ] - [ DEBUG ]  http-outgoing-0 >> "{"desiredCapabilities":{"browserName":"chrome","chromeOptions":{"args":[],"extensions":[]},"version":"","platform":"ANY"}}"
2016-04-12 14:27:15  [ Forwarding newSession on session null to remote:3521 ] - [ DEBUG ]  http-outgoing-0 << "HTTP/1.1 200 OK[\r][\n]"
2016-04-12 14:27:15  [ Forwarding newSession on session null to remote:3522 ] - [ DEBUG ]  http-outgoing-0 << "Content-Length:704[\r][\n]"
2016-04-12 14:27:15  [ Forwarding newSession on session null to remote:3522 ] - [ DEBUG ]  http-outgoing-0 << "Content-Type:application/json; charset=utf-8[\r][\n]"
2016-04-12 14:27:15  [ Forwarding newSession on session null to remote:3522 ] - [ DEBUG ]  http-outgoing-0 << "Connection:close[\r][\n]"
2016-04-12 14:27:15  [ Forwarding newSession on session null to remote:3522 ] - [ DEBUG ]  http-outgoing-0 << "[\r][\n]"
2016-04-12 14:27:15  [ Forwarding newSession on session null to remote:3523 ] - [ DEBUG ]  http-outgoing-0 << "{"sessionId":"02b4ef0d1835eca6027961b1c5fa2c9f","status":0,"value":{"acceptSslCerts":true,"applicationCacheEnabled":false,"browserConnectionEnabled":false,"browserName":"chrome","chrome":{"chromedriverVersion":"2.21.371459 (36d3d07f660ff2bc1bf28a75d1cdabed0983e7c4)","userDataDir":"/var/folders/wm/kww51b5514x2vsb62vc_qxl00000gn/T/.org.chromium.Chromium.91MO2g"},"cssSelectorsEnabled":true,"databaseEnabled":false,"handlesAlerts":true,"hasTouchScreen":false,"javascriptEnabled":true,"locationContextEnabled":true,"mobileEmulationEnabled":false,"nativeEvents":true,"platform":"Mac OS X","rotatable":false,"takesHeapSnapshot":true,"takesScreenshot":true,"version":"49.0.2623.112","webStorageEnabled":true}}"
2016-04-12 14:27:15  [ Forwarding newSession on session null to remote:3526 ] - [ DEBUG ]  http-outgoing-0 << HTTP/1.1 200 OK
2016-04-12 14:27:15  [ Forwarding newSession on session null to remote:3526 ] - [ DEBUG ]  http-outgoing-0 << Content-Length:704
2016-04-12 14:27:15  [ Forwarding newSession on session null to remote:3526 ] - [ DEBUG ]  http-outgoing-0 << Content-Type:application/json; charset=utf-8
2016-04-12 14:27:15  [ Forwarding newSession on session null to remote:3526 ] - [ DEBUG ]  http-outgoing-0 << Connection:close
2016-04-12 14:27:15  [ Forwarding newSession on session null to remote:3532 ] - [ DEBUG ]  http-outgoing-0: Close connection
2016-04-12 14:27:15  [ Forwarding newSession on session null to remote:3533 ] - [ DEBUG ]  Connection discarded
2016-04-12 14:27:15  [ Forwarding newSession on session null to remote:3533 ] - [ DEBUG ]  Connection released: [id: 0][route: {}->http://localhost:2265][total kept alive: 0; route allocated: 0 of 2000; total allocated: 0 of 2000]
2016-04-12 14:27:15  [ Forwarding findElement on session 02b4ef0d1835eca6027961b1c5fa2c9f to remote:3558 ] - [ DEBUG ]  CookieSpec selected: default
2016-04-12 14:27:15  [ Forwarding findElement on session 02b4ef0d1835eca6027961b1c5fa2c9f to remote:3558 ] - [ DEBUG ]  Auth cache not set in the context
2016-04-12 14:27:15  [ Forwarding findElement on session 02b4ef0d1835eca6027961b1c5fa2c9f to remote:3558 ] - [ DEBUG ]  Connection request: [route: {}->http://localhost:2265][total kept alive: 0; route allocated: 0 of 2000; total allocated: 0 of 2000]
2016-04-12 14:27:15  [ Forwarding findElement on session 02b4ef0d1835eca6027961b1c5fa2c9f to remote:3558 ] - [ DEBUG ]  Connection leased: [id: 1][route: {}->http://localhost:2265][total kept alive: 0; route allocated: 1 of 2000; total allocated: 1 of 2000]
2016-04-12 14:27:15  [ Forwarding findElement on session 02b4ef0d1835eca6027961b1c5fa2c9f to remote:3559 ] - [ DEBUG ]  Opening connection {}->http://localhost:2265
2016-04-12 14:27:15  [ Forwarding findElement on session 02b4ef0d1835eca6027961b1c5fa2c9f to remote:3559 ] - [ DEBUG ]  Connecting to localhost/127.0.0.1:2265
2016-04-12 14:27:15  [ Forwarding findElement on session 02b4ef0d1835eca6027961b1c5fa2c9f to remote:3559 ] - [ DEBUG ]  Connection established 127.0.0.1:59976<->127.0.0.1:2265
2016-04-12 14:27:15  [ Forwarding findElement on session 02b4ef0d1835eca6027961b1c5fa2c9f to remote:3559 ] - [ DEBUG ]  http-outgoing-1: set socket timeout to 10800000
2016-04-12 14:27:15  [ Forwarding findElement on session 02b4ef0d1835eca6027961b1c5fa2c9f to remote:3559 ] - [ DEBUG ]  Executing request POST /session/02b4ef0d1835eca6027961b1c5fa2c9f/element HTTP/1.1
2016-04-12 14:27:15  [ Forwarding findElement on session 02b4ef0d1835eca6027961b1c5fa2c9f to remote:3560 ] - [ DEBUG ]  Target auth state: UNCHALLENGED
2016-04-12 14:27:15  [ Forwarding findElement on session 02b4ef0d1835eca6027961b1c5fa2c9f to remote:3560 ] - [ DEBUG ]  Proxy auth state: UNCHALLENGED
2016-04-12 14:27:15  [ Forwarding findElement on session 02b4ef0d1835eca6027961b1c5fa2c9f to remote:3560 ] - [ DEBUG ]  http-outgoing-1 >> POST /session/02b4ef0d1835eca6027961b1c5fa2c9f/element HTTP/1.1
2016-04-12 14:27:15  [ Forwarding findElement on session 02b4ef0d1835eca6027961b1c5fa2c9f to remote:3560 ] - [ DEBUG ]  http-outgoing-1 >> Content-Type: application/json; charset=utf-8
2016-04-12 14:27:15  [ Forwarding findElement on session 02b4ef0d1835eca6027961b1c5fa2c9f to remote:3560 ] - [ DEBUG ]  http-outgoing-1 >> Content-Length: 26
2016-04-12 14:27:15  [ Forwarding findElement on session 02b4ef0d1835eca6027961b1c5fa2c9f to remote:3561 ] - [ DEBUG ]  http-outgoing-1 >> Host: localhost:2265
2016-04-12 14:27:15  [ Forwarding findElement on session 02b4ef0d1835eca6027961b1c5fa2c9f to remote:3561 ] - [ DEBUG ]  http-outgoing-1 >> Connection: Keep-Alive
2016-04-12 14:27:15  [ Forwarding findElement on session 02b4ef0d1835eca6027961b1c5fa2c9f to remote:3561 ] - [ DEBUG ]  http-outgoing-1 >> User-Agent: Apache-HttpClient/4.5.2 (Java/1.8.0_45)
2016-04-12 14:27:15  [ Forwarding findElement on session 02b4ef0d1835eca6027961b1c5fa2c9f to remote:3561 ] - [ DEBUG ]  http-outgoing-1 >> Accept-Encoding: gzip,deflate
2016-04-12 14:27:15  [ Forwarding findElement on session 02b4ef0d1835eca6027961b1c5fa2c9f to remote:3561 ] - [ DEBUG ]  http-outgoing-1 >> "POST /session/02b4ef0d1835eca6027961b1c5fa2c9f/element HTTP/1.1[\r][\n]"
2016-04-12 14:27:15  [ Forwarding findElement on session 02b4ef0d1835eca6027961b1c5fa2c9f to remote:3561 ] - [ DEBUG ]  http-outgoing-1 >> "Content-Type: application/json; charset=utf-8[\r][\n]"
2016-04-12 14:27:15  [ Forwarding findElement on session 02b4ef0d1835eca6027961b1c5fa2c9f to remote:3561 ] - [ DEBUG ]  http-outgoing-1 >> "Content-Length: 26[\r][\n]"
2016-04-12 14:27:15  [ Forwarding findElement on session 02b4ef0d1835eca6027961b1c5fa2c9f to remote:3562 ] - [ DEBUG ]  http-outgoing-1 >> "Host: localhost:2265[\r][\n]"
2016-04-12 14:27:15  [ Forwarding findElement on session 02b4ef0d1835eca6027961b1c5fa2c9f to remote:3562 ] - [ DEBUG ]  http-outgoing-1 >> "Connection: Keep-Alive[\r][\n]"
2016-04-12 14:27:15  [ Forwarding findElement on session 02b4ef0d1835eca6027961b1c5fa2c9f to remote:3562 ] - [ DEBUG ]  http-outgoing-1 >> "User-Agent: Apache-HttpClient/4.5.2 (Java/1.8.0_45)[\r][\n]"
2016-04-12 14:27:15  [ Forwarding findElement on session 02b4ef0d1835eca6027961b1c5fa2c9f to remote:3562 ] - [ DEBUG ]  http-outgoing-1 >> "Accept-Encoding: gzip,deflate[\r][\n]"
2016-04-12 14:27:15  [ Forwarding findElement on session 02b4ef0d1835eca6027961b1c5fa2c9f to remote:3562 ] - [ DEBUG ]  http-outgoing-1 >> "[\r][\n]"
2016-04-12 14:27:15  [ Forwarding findElement on session 02b4ef0d1835eca6027961b1c5fa2c9f to remote:3562 ] - [ DEBUG ]  http-outgoing-1 >> "{"using":"id","value":"1"}"
2016-04-12 14:27:15  [ Forwarding findElement on session 02b4ef0d1835eca6027961b1c5fa2c9f to remote:3579 ] - [ DEBUG ]  http-outgoing-1 << "HTTP/1.1 200 OK[\r][\n]"
2016-04-12 14:27:15  [ Forwarding findElement on session 02b4ef0d1835eca6027961b1c5fa2c9f to remote:3579 ] - [ DEBUG ]  http-outgoing-1 << "Content-Length:322[\r][\n]"
2016-04-12 14:27:15  [ Forwarding findElement on session 02b4ef0d1835eca6027961b1c5fa2c9f to remote:3579 ] - [ DEBUG ]  http-outgoing-1 << "Content-Type:application/json; charset=utf-8[\r][\n]"
2016-04-12 14:27:15  [ Forwarding findElement on session 02b4ef0d1835eca6027961b1c5fa2c9f to remote:3580 ] - [ DEBUG ]  http-outgoing-1 << "Connection:close[\r][\n]"
2016-04-12 14:27:15  [ Forwarding findElement on session 02b4ef0d1835eca6027961b1c5fa2c9f to remote:3580 ] - [ DEBUG ]  http-outgoing-1 << "[\r][\n]"
2016-04-12 14:27:15  [ Forwarding findElement on session 02b4ef0d1835eca6027961b1c5fa2c9f to remote:3580 ] - [ DEBUG ]  http-outgoing-1 << "{"sessionId":"02b4ef0d1835eca6027961b1c5fa2c9f","status":7,"value":{"message":"no such element: Unable to locate element: {\"method\":\"id\",\"selector\":\"1\"}\n  (Session info: chrome=49.0.2623.112)\n  (Driver info: chromedriver=2.21.371459 (36d3d07f660ff2bc1bf28a75d1cdabed0983e7c4),platform=Mac OS X 10.11.4 x86_64)"}}"
2016-04-12 14:27:15  [ Forwarding findElement on session 02b4ef0d1835eca6027961b1c5fa2c9f to remote:3580 ] - [ DEBUG ]  http-outgoing-1 << HTTP/1.1 200 OK
2016-04-12 14:27:15  [ Forwarding findElement on session 02b4ef0d1835eca6027961b1c5fa2c9f to remote:3580 ] - [ DEBUG ]  http-outgoing-1 << Content-Length:322
2016-04-12 14:27:15  [ Forwarding findElement on session 02b4ef0d1835eca6027961b1c5fa2c9f to remote:3580 ] - [ DEBUG ]  http-outgoing-1 << Content-Type:application/json; charset=utf-8
2016-04-12 14:27:15  [ Forwarding findElement on session 02b4ef0d1835eca6027961b1c5fa2c9f to remote:3580 ] - [ DEBUG ]  http-outgoing-1 << Connection:close
2016-04-12 14:27:15  [ Forwarding findElement on session 02b4ef0d1835eca6027961b1c5fa2c9f to remote:3581 ] - [ DEBUG ]  http-outgoing-1: Close connection
2016-04-12 14:27:15  [ Forwarding findElement on session 02b4ef0d1835eca6027961b1c5fa2c9f to remote:3581 ] - [ DEBUG ]  Connection discarded
2016-04-12 14:27:15  [ Forwarding findElement on session 02b4ef0d1835eca6027961b1c5fa2c9f to remote:3581 ] - [ DEBUG ]  Connection released: [id: 1][route: {}->http://localhost:2265][total kept alive: 0; route allocated: 0 of 2000; total allocated: 0 of 2000]
2016-04-12 14:45:26  [ main:0 ] - [ INFO ]  Reading http://chromedriver.storage.googleapis.com/ to seek chromedriver
2016-04-12 14:45:27  [ main:833 ] - [ INFO ]  Latest version of chromedriver is 2.21
2016-04-12 14:45:27  [ main:847 ] - [ DEBUG ]  Using binary driver previously downloaded /Users/chenDoInG/.m2/repository/webdriver/chromedriver/mac32/2.21/chromedriver
2016-04-12 14:45:27  [ main:847 ] - [ INFO ]  Exporting webdriver.chrome.driver as /Users/chenDoInG/.m2/repository/webdriver/chromedriver/mac32/2.21/chromedriver
2016-04-12 14:45:28  [ Forwarding newSession on session null to remote:1352 ] - [ DEBUG ]  CookieSpec selected: default
2016-04-12 14:45:28  [ Forwarding newSession on session null to remote:1361 ] - [ DEBUG ]  Auth cache not set in the context
2016-04-12 14:45:28  [ Forwarding newSession on session null to remote:1362 ] - [ DEBUG ]  Connection request: [route: {}->http://localhost:20450][total kept alive: 0; route allocated: 0 of 2000; total allocated: 0 of 2000]
2016-04-12 14:45:28  [ Forwarding newSession on session null to remote:1375 ] - [ DEBUG ]  Connection leased: [id: 0][route: {}->http://localhost:20450][total kept alive: 0; route allocated: 1 of 2000; total allocated: 1 of 2000]
2016-04-12 14:45:28  [ Forwarding newSession on session null to remote:1377 ] - [ DEBUG ]  Opening connection {}->http://localhost:20450
2016-04-12 14:45:28  [ Forwarding newSession on session null to remote:1378 ] - [ DEBUG ]  Connecting to localhost/127.0.0.1:20450
2016-04-12 14:45:28  [ Forwarding newSession on session null to remote:1379 ] - [ DEBUG ]  Connection established 127.0.0.1:64348<->127.0.0.1:20450
2016-04-12 14:45:28  [ Forwarding newSession on session null to remote:1379 ] - [ DEBUG ]  http-outgoing-0: set socket timeout to 10800000
2016-04-12 14:45:28  [ Forwarding newSession on session null to remote:1379 ] - [ DEBUG ]  Executing request POST /session HTTP/1.1
2016-04-12 14:45:28  [ Forwarding newSession on session null to remote:1379 ] - [ DEBUG ]  Target auth state: UNCHALLENGED
2016-04-12 14:45:28  [ Forwarding newSession on session null to remote:1380 ] - [ DEBUG ]  Proxy auth state: UNCHALLENGED
2016-04-12 14:45:28  [ Forwarding newSession on session null to remote:1381 ] - [ DEBUG ]  http-outgoing-0 >> POST /session HTTP/1.1
2016-04-12 14:45:28  [ Forwarding newSession on session null to remote:1382 ] - [ DEBUG ]  http-outgoing-0 >> Content-Type: application/json; charset=utf-8
2016-04-12 14:45:28  [ Forwarding newSession on session null to remote:1382 ] - [ DEBUG ]  http-outgoing-0 >> Content-Length: 122
2016-04-12 14:45:28  [ Forwarding newSession on session null to remote:1382 ] - [ DEBUG ]  http-outgoing-0 >> Host: localhost:20450
2016-04-12 14:45:28  [ Forwarding newSession on session null to remote:1382 ] - [ DEBUG ]  http-outgoing-0 >> Connection: Keep-Alive
2016-04-12 14:45:28  [ Forwarding newSession on session null to remote:1382 ] - [ DEBUG ]  http-outgoing-0 >> User-Agent: Apache-HttpClient/4.5.2 (Java/1.8.0_45)
2016-04-12 14:45:28  [ Forwarding newSession on session null to remote:1382 ] - [ DEBUG ]  http-outgoing-0 >> Accept-Encoding: gzip,deflate
2016-04-12 14:45:28  [ Forwarding newSession on session null to remote:1383 ] - [ DEBUG ]  http-outgoing-0 >> "POST /session HTTP/1.1[\r][\n]"
2016-04-12 14:45:28  [ Forwarding newSession on session null to remote:1383 ] - [ DEBUG ]  http-outgoing-0 >> "Content-Type: application/json; charset=utf-8[\r][\n]"
2016-04-12 14:45:28  [ Forwarding newSession on session null to remote:1383 ] - [ DEBUG ]  http-outgoing-0 >> "Content-Length: 122[\r][\n]"
2016-04-12 14:45:28  [ Forwarding newSession on session null to remote:1383 ] - [ DEBUG ]  http-outgoing-0 >> "Host: localhost:20450[\r][\n]"
2016-04-12 14:45:28  [ Forwarding newSession on session null to remote:1383 ] - [ DEBUG ]  http-outgoing-0 >> "Connection: Keep-Alive[\r][\n]"
2016-04-12 14:45:28  [ Forwarding newSession on session null to remote:1383 ] - [ DEBUG ]  http-outgoing-0 >> "User-Agent: Apache-HttpClient/4.5.2 (Java/1.8.0_45)[\r][\n]"
2016-04-12 14:45:28  [ Forwarding newSession on session null to remote:1384 ] - [ DEBUG ]  http-outgoing-0 >> "Accept-Encoding: gzip,deflate[\r][\n]"
2016-04-12 14:45:28  [ Forwarding newSession on session null to remote:1384 ] - [ DEBUG ]  http-outgoing-0 >> "[\r][\n]"
2016-04-12 14:45:28  [ Forwarding newSession on session null to remote:1384 ] - [ DEBUG ]  http-outgoing-0 >> "{"desiredCapabilities":{"browserName":"chrome","chromeOptions":{"args":[],"extensions":[]},"version":"","platform":"ANY"}}"
2016-04-12 14:45:29  [ Forwarding newSession on session null to remote:2119 ] - [ DEBUG ]  http-outgoing-0 << "HTTP/1.1 200 OK[\r][\n]"
2016-04-12 14:45:29  [ Forwarding newSession on session null to remote:2120 ] - [ DEBUG ]  http-outgoing-0 << "Content-Length:704[\r][\n]"
2016-04-12 14:45:29  [ Forwarding newSession on session null to remote:2120 ] - [ DEBUG ]  http-outgoing-0 << "Content-Type:application/json; charset=utf-8[\r][\n]"
2016-04-12 14:45:29  [ Forwarding newSession on session null to remote:2121 ] - [ DEBUG ]  http-outgoing-0 << "Connection:close[\r][\n]"
2016-04-12 14:45:29  [ Forwarding newSession on session null to remote:2121 ] - [ DEBUG ]  http-outgoing-0 << "[\r][\n]"
2016-04-12 14:45:29  [ Forwarding newSession on session null to remote:2121 ] - [ DEBUG ]  http-outgoing-0 << "{"sessionId":"c4d85a9fdeb8bee0909e2630365a3894","status":0,"value":{"acceptSslCerts":true,"applicationCacheEnabled":false,"browserConnectionEnabled":false,"browserName":"chrome","chrome":{"chromedriverVersion":"2.21.371459 (36d3d07f660ff2bc1bf28a75d1cdabed0983e7c4)","userDataDir":"/var/folders/wm/kww51b5514x2vsb62vc_qxl00000gn/T/.org.chromium.Chromium.2JQebb"},"cssSelectorsEnabled":true,"databaseEnabled":false,"handlesAlerts":true,"hasTouchScreen":false,"javascriptEnabled":true,"locationContextEnabled":true,"mobileEmulationEnabled":false,"nativeEvents":true,"platform":"Mac OS X","rotatable":false,"takesHeapSnapshot":true,"takesScreenshot":true,"version":"49.0.2623.112","webStorageEnabled":true}}"
2016-04-12 14:45:29  [ Forwarding newSession on session null to remote:2124 ] - [ DEBUG ]  http-outgoing-0 << HTTP/1.1 200 OK
2016-04-12 14:45:29  [ Forwarding newSession on session null to remote:2125 ] - [ DEBUG ]  http-outgoing-0 << Content-Length:704
2016-04-12 14:45:29  [ Forwarding newSession on session null to remote:2125 ] - [ DEBUG ]  http-outgoing-0 << Content-Type:application/json; charset=utf-8
2016-04-12 14:45:29  [ Forwarding newSession on session null to remote:2125 ] - [ DEBUG ]  http-outgoing-0 << Connection:close
2016-04-12 14:45:29  [ Forwarding newSession on session null to remote:2131 ] - [ DEBUG ]  http-outgoing-0: Close connection
2016-04-12 14:45:29  [ Forwarding newSession on session null to remote:2132 ] - [ DEBUG ]  Connection discarded
2016-04-12 14:45:29  [ Forwarding newSession on session null to remote:2132 ] - [ DEBUG ]  Connection released: [id: 0][route: {}->http://localhost:20450][total kept alive: 0; route allocated: 0 of 2000; total allocated: 0 of 2000]
2016-04-12 14:45:29  [ Forwarding findElement on session c4d85a9fdeb8bee0909e2630365a3894 to remote:2157 ] - [ DEBUG ]  CookieSpec selected: default
2016-04-12 14:45:29  [ Forwarding findElement on session c4d85a9fdeb8bee0909e2630365a3894 to remote:2157 ] - [ DEBUG ]  Auth cache not set in the context
2016-04-12 14:45:29  [ Forwarding findElement on session c4d85a9fdeb8bee0909e2630365a3894 to remote:2157 ] - [ DEBUG ]  Connection request: [route: {}->http://localhost:20450][total kept alive: 0; route allocated: 0 of 2000; total allocated: 0 of 2000]
2016-04-12 14:45:29  [ Forwarding findElement on session c4d85a9fdeb8bee0909e2630365a3894 to remote:2158 ] - [ DEBUG ]  Connection leased: [id: 1][route: {}->http://localhost:20450][total kept alive: 0; route allocated: 1 of 2000; total allocated: 1 of 2000]
2016-04-12 14:45:29  [ Forwarding findElement on session c4d85a9fdeb8bee0909e2630365a3894 to remote:2158 ] - [ DEBUG ]  Opening connection {}->http://localhost:20450
2016-04-12 14:45:29  [ Forwarding findElement on session c4d85a9fdeb8bee0909e2630365a3894 to remote:2158 ] - [ DEBUG ]  Connecting to localhost/127.0.0.1:20450
2016-04-12 14:45:29  [ Forwarding findElement on session c4d85a9fdeb8bee0909e2630365a3894 to remote:2158 ] - [ DEBUG ]  Connection established 127.0.0.1:64422<->127.0.0.1:20450
2016-04-12 14:45:29  [ Forwarding findElement on session c4d85a9fdeb8bee0909e2630365a3894 to remote:2159 ] - [ DEBUG ]  http-outgoing-1: set socket timeout to 10800000
2016-04-12 14:45:29  [ Forwarding findElement on session c4d85a9fdeb8bee0909e2630365a3894 to remote:2159 ] - [ DEBUG ]  Executing request POST /session/c4d85a9fdeb8bee0909e2630365a3894/element HTTP/1.1
2016-04-12 14:45:29  [ Forwarding findElement on session c4d85a9fdeb8bee0909e2630365a3894 to remote:2159 ] - [ DEBUG ]  Target auth state: UNCHALLENGED
2016-04-12 14:45:29  [ Forwarding findElement on session c4d85a9fdeb8bee0909e2630365a3894 to remote:2159 ] - [ DEBUG ]  Proxy auth state: UNCHALLENGED
2016-04-12 14:45:29  [ Forwarding findElement on session c4d85a9fdeb8bee0909e2630365a3894 to remote:2159 ] - [ DEBUG ]  http-outgoing-1 >> POST /session/c4d85a9fdeb8bee0909e2630365a3894/element HTTP/1.1
2016-04-12 14:45:29  [ Forwarding findElement on session c4d85a9fdeb8bee0909e2630365a3894 to remote:2160 ] - [ DEBUG ]  http-outgoing-1 >> Content-Type: application/json; charset=utf-8
2016-04-12 14:45:29  [ Forwarding findElement on session c4d85a9fdeb8bee0909e2630365a3894 to remote:2160 ] - [ DEBUG ]  http-outgoing-1 >> Content-Length: 26
2016-04-12 14:45:29  [ Forwarding findElement on session c4d85a9fdeb8bee0909e2630365a3894 to remote:2160 ] - [ DEBUG ]  http-outgoing-1 >> Host: localhost:20450
2016-04-12 14:45:29  [ Forwarding findElement on session c4d85a9fdeb8bee0909e2630365a3894 to remote:2160 ] - [ DEBUG ]  http-outgoing-1 >> Connection: Keep-Alive
2016-04-12 14:45:29  [ Forwarding findElement on session c4d85a9fdeb8bee0909e2630365a3894 to remote:2160 ] - [ DEBUG ]  http-outgoing-1 >> User-Agent: Apache-HttpClient/4.5.2 (Java/1.8.0_45)
2016-04-12 14:45:29  [ Forwarding findElement on session c4d85a9fdeb8bee0909e2630365a3894 to remote:2161 ] - [ DEBUG ]  http-outgoing-1 >> Accept-Encoding: gzip,deflate
2016-04-12 14:45:29  [ Forwarding findElement on session c4d85a9fdeb8bee0909e2630365a3894 to remote:2161 ] - [ DEBUG ]  http-outgoing-1 >> "POST /session/c4d85a9fdeb8bee0909e2630365a3894/element HTTP/1.1[\r][\n]"
2016-04-12 14:45:29  [ Forwarding findElement on session c4d85a9fdeb8bee0909e2630365a3894 to remote:2161 ] - [ DEBUG ]  http-outgoing-1 >> "Content-Type: application/json; charset=utf-8[\r][\n]"
2016-04-12 14:45:29  [ Forwarding findElement on session c4d85a9fdeb8bee0909e2630365a3894 to remote:2161 ] - [ DEBUG ]  http-outgoing-1 >> "Content-Length: 26[\r][\n]"
2016-04-12 14:45:29  [ Forwarding findElement on session c4d85a9fdeb8bee0909e2630365a3894 to remote:2162 ] - [ DEBUG ]  http-outgoing-1 >> "Host: localhost:20450[\r][\n]"
2016-04-12 14:45:29  [ Forwarding findElement on session c4d85a9fdeb8bee0909e2630365a3894 to remote:2162 ] - [ DEBUG ]  http-outgoing-1 >> "Connection: Keep-Alive[\r][\n]"
2016-04-12 14:45:29  [ Forwarding findElement on session c4d85a9fdeb8bee0909e2630365a3894 to remote:2162 ] - [ DEBUG ]  http-outgoing-1 >> "User-Agent: Apache-HttpClient/4.5.2 (Java/1.8.0_45)[\r][\n]"
2016-04-12 14:45:29  [ Forwarding findElement on session c4d85a9fdeb8bee0909e2630365a3894 to remote:2162 ] - [ DEBUG ]  http-outgoing-1 >> "Accept-Encoding: gzip,deflate[\r][\n]"
2016-04-12 14:45:29  [ Forwarding findElement on session c4d85a9fdeb8bee0909e2630365a3894 to remote:2162 ] - [ DEBUG ]  http-outgoing-1 >> "[\r][\n]"
2016-04-12 14:45:29  [ Forwarding findElement on session c4d85a9fdeb8bee0909e2630365a3894 to remote:2163 ] - [ DEBUG ]  http-outgoing-1 >> "{"using":"id","value":"1"}"
2016-04-12 14:45:29  [ Forwarding findElement on session c4d85a9fdeb8bee0909e2630365a3894 to remote:2179 ] - [ DEBUG ]  http-outgoing-1 << "HTTP/1.1 200 OK[\r][\n]"
2016-04-12 14:45:29  [ Forwarding findElement on session c4d85a9fdeb8bee0909e2630365a3894 to remote:2179 ] - [ DEBUG ]  http-outgoing-1 << "Content-Length:322[\r][\n]"
2016-04-12 14:45:29  [ Forwarding findElement on session c4d85a9fdeb8bee0909e2630365a3894 to remote:2179 ] - [ DEBUG ]  http-outgoing-1 << "Content-Type:application/json; charset=utf-8[\r][\n]"
2016-04-12 14:45:29  [ Forwarding findElement on session c4d85a9fdeb8bee0909e2630365a3894 to remote:2180 ] - [ DEBUG ]  http-outgoing-1 << "Connection:close[\r][\n]"
2016-04-12 14:45:29  [ Forwarding findElement on session c4d85a9fdeb8bee0909e2630365a3894 to remote:2180 ] - [ DEBUG ]  http-outgoing-1 << "[\r][\n]"
2016-04-12 14:45:29  [ Forwarding findElement on session c4d85a9fdeb8bee0909e2630365a3894 to remote:2180 ] - [ DEBUG ]  http-outgoing-1 << "{"sessionId":"c4d85a9fdeb8bee0909e2630365a3894","status":7,"value":{"message":"no such element: Unable to locate element: {\"method\":\"id\",\"selector\":\"1\"}\n  (Session info: chrome=49.0.2623.112)\n  (Driver info: chromedriver=2.21.371459 (36d3d07f660ff2bc1bf28a75d1cdabed0983e7c4),platform=Mac OS X 10.11.4 x86_64)"}}"
2016-04-12 14:45:29  [ Forwarding findElement on session c4d85a9fdeb8bee0909e2630365a3894 to remote:2180 ] - [ DEBUG ]  http-outgoing-1 << HTTP/1.1 200 OK
2016-04-12 14:45:29  [ Forwarding findElement on session c4d85a9fdeb8bee0909e2630365a3894 to remote:2181 ] - [ DEBUG ]  http-outgoing-1 << Content-Length:322
2016-04-12 14:45:29  [ Forwarding findElement on session c4d85a9fdeb8bee0909e2630365a3894 to remote:2181 ] - [ DEBUG ]  http-outgoing-1 << Content-Type:application/json; charset=utf-8
2016-04-12 14:45:29  [ Forwarding findElement on session c4d85a9fdeb8bee0909e2630365a3894 to remote:2181 ] - [ DEBUG ]  http-outgoing-1 << Connection:close
2016-04-12 14:45:29  [ Forwarding findElement on session c4d85a9fdeb8bee0909e2630365a3894 to remote:2181 ] - [ DEBUG ]  http-outgoing-1: Close connection
2016-04-12 14:45:29  [ Forwarding findElement on session c4d85a9fdeb8bee0909e2630365a3894 to remote:2182 ] - [ DEBUG ]  Connection discarded
2016-04-12 14:45:29  [ Forwarding findElement on session c4d85a9fdeb8bee0909e2630365a3894 to remote:2182 ] - [ DEBUG ]  Connection released: [id: 1][route: {}->http://localhost:20450][total kept alive: 0; route allocated: 0 of 2000; total allocated: 0 of 2000]
2016-04-12 14:47:24  [ main:1 ] - [ INFO ]  Reading http://chromedriver.storage.googleapis.com/ to seek chromedriver
2016-04-12 14:47:27  [ main:2569 ] - [ INFO ]  Latest version of chromedriver is 2.21
2016-04-12 14:47:27  [ main:2580 ] - [ DEBUG ]  Using binary driver previously downloaded /Users/chenDoInG/.m2/repository/webdriver/chromedriver/mac32/2.21/chromedriver
2016-04-12 14:47:27  [ main:2580 ] - [ INFO ]  Exporting webdriver.chrome.driver as /Users/chenDoInG/.m2/repository/webdriver/chromedriver/mac32/2.21/chromedriver
2016-04-12 14:47:27  [ Forwarding newSession on session null to remote:2984 ] - [ DEBUG ]  CookieSpec selected: default
2016-04-12 14:47:27  [ Forwarding newSession on session null to remote:2991 ] - [ DEBUG ]  Auth cache not set in the context
2016-04-12 14:47:27  [ Forwarding newSession on session null to remote:2992 ] - [ DEBUG ]  Connection request: [route: {}->http://localhost:40132][total kept alive: 0; route allocated: 0 of 2000; total allocated: 0 of 2000]
2016-04-12 14:47:27  [ Forwarding newSession on session null to remote:3001 ] - [ DEBUG ]  Connection leased: [id: 0][route: {}->http://localhost:40132][total kept alive: 0; route allocated: 1 of 2000; total allocated: 1 of 2000]
2016-04-12 14:47:27  [ Forwarding newSession on session null to remote:3002 ] - [ DEBUG ]  Opening connection {}->http://localhost:40132
2016-04-12 14:47:27  [ Forwarding newSession on session null to remote:3003 ] - [ DEBUG ]  Connecting to localhost/127.0.0.1:40132
2016-04-12 14:47:27  [ Forwarding newSession on session null to remote:3004 ] - [ DEBUG ]  Connection established 127.0.0.1:55635<->127.0.0.1:40132
2016-04-12 14:47:27  [ Forwarding newSession on session null to remote:3005 ] - [ DEBUG ]  http-outgoing-0: set socket timeout to 10800000
2016-04-12 14:47:27  [ Forwarding newSession on session null to remote:3005 ] - [ DEBUG ]  Executing request POST /session HTTP/1.1
2016-04-12 14:47:27  [ Forwarding newSession on session null to remote:3005 ] - [ DEBUG ]  Target auth state: UNCHALLENGED
2016-04-12 14:47:27  [ Forwarding newSession on session null to remote:3006 ] - [ DEBUG ]  Proxy auth state: UNCHALLENGED
2016-04-12 14:47:27  [ Forwarding newSession on session null to remote:3007 ] - [ DEBUG ]  http-outgoing-0 >> POST /session HTTP/1.1
2016-04-12 14:47:27  [ Forwarding newSession on session null to remote:3008 ] - [ DEBUG ]  http-outgoing-0 >> Content-Type: application/json; charset=utf-8
2016-04-12 14:47:27  [ Forwarding newSession on session null to remote:3008 ] - [ DEBUG ]  http-outgoing-0 >> Content-Length: 122
2016-04-12 14:47:27  [ Forwarding newSession on session null to remote:3008 ] - [ DEBUG ]  http-outgoing-0 >> Host: localhost:40132
2016-04-12 14:47:27  [ Forwarding newSession on session null to remote:3008 ] - [ DEBUG ]  http-outgoing-0 >> Connection: Keep-Alive
2016-04-12 14:47:27  [ Forwarding newSession on session null to remote:3009 ] - [ DEBUG ]  http-outgoing-0 >> User-Agent: Apache-HttpClient/4.5.2 (Java/1.8.0_45)
2016-04-12 14:47:27  [ Forwarding newSession on session null to remote:3009 ] - [ DEBUG ]  http-outgoing-0 >> Accept-Encoding: gzip,deflate
2016-04-12 14:47:27  [ Forwarding newSession on session null to remote:3009 ] - [ DEBUG ]  http-outgoing-0 >> "POST /session HTTP/1.1[\r][\n]"
2016-04-12 14:47:27  [ Forwarding newSession on session null to remote:3009 ] - [ DEBUG ]  http-outgoing-0 >> "Content-Type: application/json; charset=utf-8[\r][\n]"
2016-04-12 14:47:27  [ Forwarding newSession on session null to remote:3009 ] - [ DEBUG ]  http-outgoing-0 >> "Content-Length: 122[\r][\n]"
2016-04-12 14:47:27  [ Forwarding newSession on session null to remote:3010 ] - [ DEBUG ]  http-outgoing-0 >> "Host: localhost:40132[\r][\n]"
2016-04-12 14:47:27  [ Forwarding newSession on session null to remote:3010 ] - [ DEBUG ]  http-outgoing-0 >> "Connection: Keep-Alive[\r][\n]"
2016-04-12 14:47:27  [ Forwarding newSession on session null to remote:3010 ] - [ DEBUG ]  http-outgoing-0 >> "User-Agent: Apache-HttpClient/4.5.2 (Java/1.8.0_45)[\r][\n]"
2016-04-12 14:47:27  [ Forwarding newSession on session null to remote:3010 ] - [ DEBUG ]  http-outgoing-0 >> "Accept-Encoding: gzip,deflate[\r][\n]"
2016-04-12 14:47:27  [ Forwarding newSession on session null to remote:3010 ] - [ DEBUG ]  http-outgoing-0 >> "[\r][\n]"
2016-04-12 14:47:27  [ Forwarding newSession on session null to remote:3010 ] - [ DEBUG ]  http-outgoing-0 >> "{"desiredCapabilities":{"browserName":"chrome","chromeOptions":{"args":[],"extensions":[]},"version":"","platform":"ANY"}}"
2016-04-12 14:47:28  [ Forwarding newSession on session null to remote:3700 ] - [ DEBUG ]  http-outgoing-0 << "HTTP/1.1 200 OK[\r][\n]"
2016-04-12 14:47:28  [ Forwarding newSession on session null to remote:3701 ] - [ DEBUG ]  http-outgoing-0 << "Content-Length:704[\r][\n]"
2016-04-12 14:47:28  [ Forwarding newSession on session null to remote:3701 ] - [ DEBUG ]  http-outgoing-0 << "Content-Type:application/json; charset=utf-8[\r][\n]"
2016-04-12 14:47:28  [ Forwarding newSession on session null to remote:3701 ] - [ DEBUG ]  http-outgoing-0 << "Connection:close[\r][\n]"
2016-04-12 14:47:28  [ Forwarding newSession on session null to remote:3701 ] - [ DEBUG ]  http-outgoing-0 << "[\r][\n]"
2016-04-12 14:47:28  [ Forwarding newSession on session null to remote:3701 ] - [ DEBUG ]  http-outgoing-0 << "{"sessionId":"d42dc903cdc9b83038e576d6a02c74d1","status":0,"value":{"acceptSslCerts":true,"applicationCacheEnabled":false,"browserConnectionEnabled":false,"browserName":"chrome","chrome":{"chromedriverVersion":"2.21.371459 (36d3d07f660ff2bc1bf28a75d1cdabed0983e7c4)","userDataDir":"/var/folders/wm/kww51b5514x2vsb62vc_qxl00000gn/T/.org.chromium.Chromium.hpiCVy"},"cssSelectorsEnabled":true,"databaseEnabled":false,"handlesAlerts":true,"hasTouchScreen":false,"javascriptEnabled":true,"locationContextEnabled":true,"mobileEmulationEnabled":false,"nativeEvents":true,"platform":"Mac OS X","rotatable":false,"takesHeapSnapshot":true,"takesScreenshot":true,"version":"49.0.2623.112","webStorageEnabled":true}}"
2016-04-12 14:47:28  [ Forwarding newSession on session null to remote:3703 ] - [ DEBUG ]  http-outgoing-0 << HTTP/1.1 200 OK
2016-04-12 14:47:28  [ Forwarding newSession on session null to remote:3704 ] - [ DEBUG ]  http-outgoing-0 << Content-Length:704
2016-04-12 14:47:28  [ Forwarding newSession on session null to remote:3704 ] - [ DEBUG ]  http-outgoing-0 << Content-Type:application/json; charset=utf-8
2016-04-12 14:47:28  [ Forwarding newSession on session null to remote:3704 ] - [ DEBUG ]  http-outgoing-0 << Connection:close
2016-04-12 14:47:28  [ Forwarding newSession on session null to remote:3711 ] - [ DEBUG ]  http-outgoing-0: Close connection
2016-04-12 14:47:28  [ Forwarding newSession on session null to remote:3711 ] - [ DEBUG ]  Connection discarded
2016-04-12 14:47:28  [ Forwarding newSession on session null to remote:3711 ] - [ DEBUG ]  Connection released: [id: 0][route: {}->http://localhost:40132][total kept alive: 0; route allocated: 0 of 2000; total allocated: 0 of 2000]
2016-04-12 14:47:28  [ Forwarding findElement on session d42dc903cdc9b83038e576d6a02c74d1 to remote:3734 ] - [ DEBUG ]  CookieSpec selected: default
2016-04-12 14:47:28  [ Forwarding findElement on session d42dc903cdc9b83038e576d6a02c74d1 to remote:3735 ] - [ DEBUG ]  Auth cache not set in the context
2016-04-12 14:47:28  [ Forwarding findElement on session d42dc903cdc9b83038e576d6a02c74d1 to remote:3735 ] - [ DEBUG ]  Connection request: [route: {}->http://localhost:40132][total kept alive: 0; route allocated: 0 of 2000; total allocated: 0 of 2000]
2016-04-12 14:47:28  [ Forwarding findElement on session d42dc903cdc9b83038e576d6a02c74d1 to remote:3735 ] - [ DEBUG ]  Connection leased: [id: 1][route: {}->http://localhost:40132][total kept alive: 0; route allocated: 1 of 2000; total allocated: 1 of 2000]
2016-04-12 14:47:28  [ Forwarding findElement on session d42dc903cdc9b83038e576d6a02c74d1 to remote:3735 ] - [ DEBUG ]  Opening connection {}->http://localhost:40132
2016-04-12 14:47:28  [ Forwarding findElement on session d42dc903cdc9b83038e576d6a02c74d1 to remote:3735 ] - [ DEBUG ]  Connecting to localhost/127.0.0.1:40132
2016-04-12 14:47:28  [ Forwarding findElement on session d42dc903cdc9b83038e576d6a02c74d1 to remote:3737 ] - [ DEBUG ]  Connection established 127.0.0.1:55645<->127.0.0.1:40132
2016-04-12 14:47:28  [ Forwarding findElement on session d42dc903cdc9b83038e576d6a02c74d1 to remote:3738 ] - [ DEBUG ]  http-outgoing-1: set socket timeout to 10800000
2016-04-12 14:47:28  [ Forwarding findElement on session d42dc903cdc9b83038e576d6a02c74d1 to remote:3738 ] - [ DEBUG ]  Executing request POST /session/d42dc903cdc9b83038e576d6a02c74d1/element HTTP/1.1
2016-04-12 14:47:28  [ Forwarding findElement on session d42dc903cdc9b83038e576d6a02c74d1 to remote:3738 ] - [ DEBUG ]  Target auth state: UNCHALLENGED
2016-04-12 14:47:28  [ Forwarding findElement on session d42dc903cdc9b83038e576d6a02c74d1 to remote:3738 ] - [ DEBUG ]  Proxy auth state: UNCHALLENGED
2016-04-12 14:47:28  [ Forwarding findElement on session d42dc903cdc9b83038e576d6a02c74d1 to remote:3738 ] - [ DEBUG ]  http-outgoing-1 >> POST /session/d42dc903cdc9b83038e576d6a02c74d1/element HTTP/1.1
2016-04-12 14:47:28  [ Forwarding findElement on session d42dc903cdc9b83038e576d6a02c74d1 to remote:3738 ] - [ DEBUG ]  http-outgoing-1 >> Content-Type: application/json; charset=utf-8
2016-04-12 14:47:28  [ Forwarding findElement on session d42dc903cdc9b83038e576d6a02c74d1 to remote:3738 ] - [ DEBUG ]  http-outgoing-1 >> Content-Length: 26
2016-04-12 14:47:28  [ Forwarding findElement on session d42dc903cdc9b83038e576d6a02c74d1 to remote:3739 ] - [ DEBUG ]  http-outgoing-1 >> Host: localhost:40132
2016-04-12 14:47:28  [ Forwarding findElement on session d42dc903cdc9b83038e576d6a02c74d1 to remote:3739 ] - [ DEBUG ]  http-outgoing-1 >> Connection: Keep-Alive
2016-04-12 14:47:28  [ Forwarding findElement on session d42dc903cdc9b83038e576d6a02c74d1 to remote:3739 ] - [ DEBUG ]  http-outgoing-1 >> User-Agent: Apache-HttpClient/4.5.2 (Java/1.8.0_45)
2016-04-12 14:47:28  [ Forwarding findElement on session d42dc903cdc9b83038e576d6a02c74d1 to remote:3739 ] - [ DEBUG ]  http-outgoing-1 >> Accept-Encoding: gzip,deflate
2016-04-12 14:47:28  [ Forwarding findElement on session d42dc903cdc9b83038e576d6a02c74d1 to remote:3739 ] - [ DEBUG ]  http-outgoing-1 >> "POST /session/d42dc903cdc9b83038e576d6a02c74d1/element HTTP/1.1[\r][\n]"
2016-04-12 14:47:28  [ Forwarding findElement on session d42dc903cdc9b83038e576d6a02c74d1 to remote:3739 ] - [ DEBUG ]  http-outgoing-1 >> "Content-Type: application/json; charset=utf-8[\r][\n]"
2016-04-12 14:47:28  [ Forwarding findElement on session d42dc903cdc9b83038e576d6a02c74d1 to remote:3739 ] - [ DEBUG ]  http-outgoing-1 >> "Content-Length: 26[\r][\n]"
2016-04-12 14:47:28  [ Forwarding findElement on session d42dc903cdc9b83038e576d6a02c74d1 to remote:3740 ] - [ DEBUG ]  http-outgoing-1 >> "Host: localhost:40132[\r][\n]"
2016-04-12 14:47:28  [ Forwarding findElement on session d42dc903cdc9b83038e576d6a02c74d1 to remote:3740 ] - [ DEBUG ]  http-outgoing-1 >> "Connection: Keep-Alive[\r][\n]"
2016-04-12 14:47:28  [ Forwarding findElement on session d42dc903cdc9b83038e576d6a02c74d1 to remote:3740 ] - [ DEBUG ]  http-outgoing-1 >> "User-Agent: Apache-HttpClient/4.5.2 (Java/1.8.0_45)[\r][\n]"
2016-04-12 14:47:28  [ Forwarding findElement on session d42dc903cdc9b83038e576d6a02c74d1 to remote:3740 ] - [ DEBUG ]  http-outgoing-1 >> "Accept-Encoding: gzip,deflate[\r][\n]"
2016-04-12 14:47:28  [ Forwarding findElement on session d42dc903cdc9b83038e576d6a02c74d1 to remote:3740 ] - [ DEBUG ]  http-outgoing-1 >> "[\r][\n]"
2016-04-12 14:47:28  [ Forwarding findElement on session d42dc903cdc9b83038e576d6a02c74d1 to remote:3740 ] - [ DEBUG ]  http-outgoing-1 >> "{"using":"id","value":"1"}"
2016-04-12 14:47:28  [ Forwarding findElement on session d42dc903cdc9b83038e576d6a02c74d1 to remote:3756 ] - [ DEBUG ]  http-outgoing-1 << "HTTP/1.1 200 OK[\r][\n]"
2016-04-12 14:47:28  [ Forwarding findElement on session d42dc903cdc9b83038e576d6a02c74d1 to remote:3756 ] - [ DEBUG ]  http-outgoing-1 << "Content-Length:322[\r][\n]"
2016-04-12 14:47:28  [ Forwarding findElement on session d42dc903cdc9b83038e576d6a02c74d1 to remote:3756 ] - [ DEBUG ]  http-outgoing-1 << "Content-Type:application/json; charset=utf-8[\r][\n]"
2016-04-12 14:47:28  [ Forwarding findElement on session d42dc903cdc9b83038e576d6a02c74d1 to remote:3756 ] - [ DEBUG ]  http-outgoing-1 << "Connection:close[\r][\n]"
2016-04-12 14:47:28  [ Forwarding findElement on session d42dc903cdc9b83038e576d6a02c74d1 to remote:3756 ] - [ DEBUG ]  http-outgoing-1 << "[\r][\n]"
2016-04-12 14:47:28  [ Forwarding findElement on session d42dc903cdc9b83038e576d6a02c74d1 to remote:3756 ] - [ DEBUG ]  http-outgoing-1 << "{"sessionId":"d42dc903cdc9b83038e576d6a02c74d1","status":7,"value":{"message":"no such element: Unable to locate element: {\"method\":\"id\",\"selector\":\"1\"}\n  (Session info: chrome=49.0.2623.112)\n  (Driver info: chromedriver=2.21.371459 (36d3d07f660ff2bc1bf28a75d1cdabed0983e7c4),platform=Mac OS X 10.11.4 x86_64)"}}"
2016-04-12 14:47:28  [ Forwarding findElement on session d42dc903cdc9b83038e576d6a02c74d1 to remote:3757 ] - [ DEBUG ]  http-outgoing-1 << HTTP/1.1 200 OK
2016-04-12 14:47:28  [ Forwarding findElement on session d42dc903cdc9b83038e576d6a02c74d1 to remote:3757 ] - [ DEBUG ]  http-outgoing-1 << Content-Length:322
2016-04-12 14:47:28  [ Forwarding findElement on session d42dc903cdc9b83038e576d6a02c74d1 to remote:3757 ] - [ DEBUG ]  http-outgoing-1 << Content-Type:application/json; charset=utf-8
2016-04-12 14:47:28  [ Forwarding findElement on session d42dc903cdc9b83038e576d6a02c74d1 to remote:3757 ] - [ DEBUG ]  http-outgoing-1 << Connection:close
2016-04-12 14:47:28  [ Forwarding findElement on session d42dc903cdc9b83038e576d6a02c74d1 to remote:3757 ] - [ DEBUG ]  http-outgoing-1: Close connection
2016-04-12 14:47:28  [ Forwarding findElement on session d42dc903cdc9b83038e576d6a02c74d1 to remote:3757 ] - [ DEBUG ]  Connection discarded
2016-04-12 14:47:28  [ Forwarding findElement on session d42dc903cdc9b83038e576d6a02c74d1 to remote:3758 ] - [ DEBUG ]  Connection released: [id: 1][route: {}->http://localhost:40132][total kept alive: 0; route allocated: 0 of 2000; total allocated: 0 of 2000]
2016-04-12 14:47:42  [ main:0 ] - [ INFO ]  Reading http://chromedriver.storage.googleapis.com/ to seek chromedriver
2016-04-12 14:47:43  [ main:928 ] - [ INFO ]  Latest version of chromedriver is 2.21
2016-04-12 14:47:43  [ main:939 ] - [ DEBUG ]  Using binary driver previously downloaded /Users/chenDoInG/.m2/repository/webdriver/chromedriver/mac32/2.21/chromedriver
2016-04-12 14:47:43  [ main:939 ] - [ INFO ]  Exporting webdriver.chrome.driver as /Users/chenDoInG/.m2/repository/webdriver/chromedriver/mac32/2.21/chromedriver
2016-04-12 14:47:44  [ Forwarding newSession on session null to remote:2424 ] - [ DEBUG ]  CookieSpec selected: default
2016-04-12 14:47:44  [ Forwarding newSession on session null to remote:2431 ] - [ DEBUG ]  Auth cache not set in the context
2016-04-12 14:47:44  [ Forwarding newSession on session null to remote:2432 ] - [ DEBUG ]  Connection request: [route: {}->http://localhost:36452][total kept alive: 0; route allocated: 0 of 2000; total allocated: 0 of 2000]
2016-04-12 14:47:44  [ Forwarding newSession on session null to remote:2441 ] - [ DEBUG ]  Connection leased: [id: 0][route: {}->http://localhost:36452][total kept alive: 0; route allocated: 1 of 2000; total allocated: 1 of 2000]
2016-04-12 14:47:44  [ Forwarding newSession on session null to remote:2442 ] - [ DEBUG ]  Opening connection {}->http://localhost:36452
2016-04-12 14:47:44  [ Forwarding newSession on session null to remote:2443 ] - [ DEBUG ]  Connecting to localhost/127.0.0.1:36452
2016-04-12 14:47:44  [ Forwarding newSession on session null to remote:2444 ] - [ DEBUG ]  Connection established 127.0.0.1:56686<->127.0.0.1:36452
2016-04-12 14:47:44  [ Forwarding newSession on session null to remote:2444 ] - [ DEBUG ]  http-outgoing-0: set socket timeout to 10800000
2016-04-12 14:47:44  [ Forwarding newSession on session null to remote:2445 ] - [ DEBUG ]  Executing request POST /session HTTP/1.1
2016-04-12 14:47:44  [ Forwarding newSession on session null to remote:2445 ] - [ DEBUG ]  Target auth state: UNCHALLENGED
2016-04-12 14:47:44  [ Forwarding newSession on session null to remote:2445 ] - [ DEBUG ]  Proxy auth state: UNCHALLENGED
2016-04-12 14:47:44  [ Forwarding newSession on session null to remote:2446 ] - [ DEBUG ]  http-outgoing-0 >> POST /session HTTP/1.1
2016-04-12 14:47:44  [ Forwarding newSession on session null to remote:2447 ] - [ DEBUG ]  http-outgoing-0 >> Content-Type: application/json; charset=utf-8
2016-04-12 14:47:44  [ Forwarding newSession on session null to remote:2447 ] - [ DEBUG ]  http-outgoing-0 >> Content-Length: 122
2016-04-12 14:47:44  [ Forwarding newSession on session null to remote:2447 ] - [ DEBUG ]  http-outgoing-0 >> Host: localhost:36452
2016-04-12 14:47:44  [ Forwarding newSession on session null to remote:2448 ] - [ DEBUG ]  http-outgoing-0 >> Connection: Keep-Alive
2016-04-12 14:47:44  [ Forwarding newSession on session null to remote:2448 ] - [ DEBUG ]  http-outgoing-0 >> User-Agent: Apache-HttpClient/4.5.2 (Java/1.8.0_45)
2016-04-12 14:47:44  [ Forwarding newSession on session null to remote:2448 ] - [ DEBUG ]  http-outgoing-0 >> Accept-Encoding: gzip,deflate
2016-04-12 14:47:44  [ Forwarding newSession on session null to remote:2448 ] - [ DEBUG ]  http-outgoing-0 >> "POST /session HTTP/1.1[\r][\n]"
2016-04-12 14:47:44  [ Forwarding newSession on session null to remote:2448 ] - [ DEBUG ]  http-outgoing-0 >> "Content-Type: application/json; charset=utf-8[\r][\n]"
2016-04-12 14:47:44  [ Forwarding newSession on session null to remote:2449 ] - [ DEBUG ]  http-outgoing-0 >> "Content-Length: 122[\r][\n]"
2016-04-12 14:47:44  [ Forwarding newSession on session null to remote:2449 ] - [ DEBUG ]  http-outgoing-0 >> "Host: localhost:36452[\r][\n]"
2016-04-12 14:47:44  [ Forwarding newSession on session null to remote:2449 ] - [ DEBUG ]  http-outgoing-0 >> "Connection: Keep-Alive[\r][\n]"
2016-04-12 14:47:44  [ Forwarding newSession on session null to remote:2449 ] - [ DEBUG ]  http-outgoing-0 >> "User-Agent: Apache-HttpClient/4.5.2 (Java/1.8.0_45)[\r][\n]"
2016-04-12 14:47:44  [ Forwarding newSession on session null to remote:2449 ] - [ DEBUG ]  http-outgoing-0 >> "Accept-Encoding: gzip,deflate[\r][\n]"
2016-04-12 14:47:44  [ Forwarding newSession on session null to remote:2449 ] - [ DEBUG ]  http-outgoing-0 >> "[\r][\n]"
2016-04-12 14:47:44  [ Forwarding newSession on session null to remote:2450 ] - [ DEBUG ]  http-outgoing-0 >> "{"desiredCapabilities":{"browserName":"chrome","chromeOptions":{"args":[],"extensions":[]},"version":"","platform":"ANY"}}"
2016-04-12 14:47:45  [ Forwarding newSession on session null to remote:3131 ] - [ DEBUG ]  http-outgoing-0 << "HTTP/1.1 200 OK[\r][\n]"
2016-04-12 14:47:45  [ Forwarding newSession on session null to remote:3131 ] - [ DEBUG ]  http-outgoing-0 << "Content-Length:704[\r][\n]"
2016-04-12 14:47:45  [ Forwarding newSession on session null to remote:3132 ] - [ DEBUG ]  http-outgoing-0 << "Content-Type:application/json; charset=utf-8[\r][\n]"
2016-04-12 14:47:45  [ Forwarding newSession on session null to remote:3132 ] - [ DEBUG ]  http-outgoing-0 << "Connection:close[\r][\n]"
2016-04-12 14:47:45  [ Forwarding newSession on session null to remote:3132 ] - [ DEBUG ]  http-outgoing-0 << "[\r][\n]"
2016-04-12 14:47:45  [ Forwarding newSession on session null to remote:3132 ] - [ DEBUG ]  http-outgoing-0 << "{"sessionId":"09b60e86048ac929ddec943a9cfc3f45","status":0,"value":{"acceptSslCerts":true,"applicationCacheEnabled":false,"browserConnectionEnabled":false,"browserName":"chrome","chrome":{"chromedriverVersion":"2.21.371459 (36d3d07f660ff2bc1bf28a75d1cdabed0983e7c4)","userDataDir":"/var/folders/wm/kww51b5514x2vsb62vc_qxl00000gn/T/.org.chromium.Chromium.6uwae9"},"cssSelectorsEnabled":true,"databaseEnabled":false,"handlesAlerts":true,"hasTouchScreen":false,"javascriptEnabled":true,"locationContextEnabled":true,"mobileEmulationEnabled":false,"nativeEvents":true,"platform":"Mac OS X","rotatable":false,"takesHeapSnapshot":true,"takesScreenshot":true,"version":"49.0.2623.112","webStorageEnabled":true}}"
2016-04-12 14:47:45  [ Forwarding newSession on session null to remote:3135 ] - [ DEBUG ]  http-outgoing-0 << HTTP/1.1 200 OK
2016-04-12 14:47:45  [ Forwarding newSession on session null to remote:3135 ] - [ DEBUG ]  http-outgoing-0 << Content-Length:704
2016-04-12 14:47:45  [ Forwarding newSession on session null to remote:3135 ] - [ DEBUG ]  http-outgoing-0 << Content-Type:application/json; charset=utf-8
2016-04-12 14:47:45  [ Forwarding newSession on session null to remote:3135 ] - [ DEBUG ]  http-outgoing-0 << Connection:close
2016-04-12 14:47:45  [ Forwarding newSession on session null to remote:3142 ] - [ DEBUG ]  http-outgoing-0: Close connection
2016-04-12 14:47:45  [ Forwarding newSession on session null to remote:3143 ] - [ DEBUG ]  Connection discarded
2016-04-12 14:47:45  [ Forwarding newSession on session null to remote:3143 ] - [ DEBUG ]  Connection released: [id: 0][route: {}->http://localhost:36452][total kept alive: 0; route allocated: 0 of 2000; total allocated: 0 of 2000]
2016-04-12 14:47:45  [ Forwarding findElement on session 09b60e86048ac929ddec943a9cfc3f45 to remote:3166 ] - [ DEBUG ]  CookieSpec selected: default
2016-04-12 14:47:45  [ Forwarding findElement on session 09b60e86048ac929ddec943a9cfc3f45 to remote:3166 ] - [ DEBUG ]  Auth cache not set in the context
2016-04-12 14:47:45  [ Forwarding findElement on session 09b60e86048ac929ddec943a9cfc3f45 to remote:3167 ] - [ DEBUG ]  Connection request: [route: {}->http://localhost:36452][total kept alive: 0; route allocated: 0 of 2000; total allocated: 0 of 2000]
2016-04-12 14:47:45  [ Forwarding findElement on session 09b60e86048ac929ddec943a9cfc3f45 to remote:3167 ] - [ DEBUG ]  Connection leased: [id: 1][route: {}->http://localhost:36452][total kept alive: 0; route allocated: 1 of 2000; total allocated: 1 of 2000]
2016-04-12 14:47:45  [ Forwarding findElement on session 09b60e86048ac929ddec943a9cfc3f45 to remote:3167 ] - [ DEBUG ]  Opening connection {}->http://localhost:36452
2016-04-12 14:47:45  [ Forwarding findElement on session 09b60e86048ac929ddec943a9cfc3f45 to remote:3167 ] - [ DEBUG ]  Connecting to localhost/127.0.0.1:36452
2016-04-12 14:47:45  [ Forwarding findElement on session 09b60e86048ac929ddec943a9cfc3f45 to remote:3168 ] - [ DEBUG ]  Connection established 127.0.0.1:56760<->127.0.0.1:36452
2016-04-12 14:47:45  [ Forwarding findElement on session 09b60e86048ac929ddec943a9cfc3f45 to remote:3168 ] - [ DEBUG ]  http-outgoing-1: set socket timeout to 10800000
2016-04-12 14:47:45  [ Forwarding findElement on session 09b60e86048ac929ddec943a9cfc3f45 to remote:3168 ] - [ DEBUG ]  Executing request POST /session/09b60e86048ac929ddec943a9cfc3f45/element HTTP/1.1
2016-04-12 14:47:45  [ Forwarding findElement on session 09b60e86048ac929ddec943a9cfc3f45 to remote:3168 ] - [ DEBUG ]  Target auth state: UNCHALLENGED
2016-04-12 14:47:45  [ Forwarding findElement on session 09b60e86048ac929ddec943a9cfc3f45 to remote:3168 ] - [ DEBUG ]  Proxy auth state: UNCHALLENGED
2016-04-12 14:47:45  [ Forwarding findElement on session 09b60e86048ac929ddec943a9cfc3f45 to remote:3168 ] - [ DEBUG ]  http-outgoing-1 >> POST /session/09b60e86048ac929ddec943a9cfc3f45/element HTTP/1.1
2016-04-12 14:47:45  [ Forwarding findElement on session 09b60e86048ac929ddec943a9cfc3f45 to remote:3169 ] - [ DEBUG ]  http-outgoing-1 >> Content-Type: application/json; charset=utf-8
2016-04-12 14:47:45  [ Forwarding findElement on session 09b60e86048ac929ddec943a9cfc3f45 to remote:3169 ] - [ DEBUG ]  http-outgoing-1 >> Content-Length: 26
2016-04-12 14:47:45  [ Forwarding findElement on session 09b60e86048ac929ddec943a9cfc3f45 to remote:3169 ] - [ DEBUG ]  http-outgoing-1 >> Host: localhost:36452
2016-04-12 14:47:45  [ Forwarding findElement on session 09b60e86048ac929ddec943a9cfc3f45 to remote:3169 ] - [ DEBUG ]  http-outgoing-1 >> Connection: Keep-Alive
2016-04-12 14:47:45  [ Forwarding findElement on session 09b60e86048ac929ddec943a9cfc3f45 to remote:3169 ] - [ DEBUG ]  http-outgoing-1 >> User-Agent: Apache-HttpClient/4.5.2 (Java/1.8.0_45)
2016-04-12 14:47:45  [ Forwarding findElement on session 09b60e86048ac929ddec943a9cfc3f45 to remote:3169 ] - [ DEBUG ]  http-outgoing-1 >> Accept-Encoding: gzip,deflate
2016-04-12 14:47:45  [ Forwarding findElement on session 09b60e86048ac929ddec943a9cfc3f45 to remote:3169 ] - [ DEBUG ]  http-outgoing-1 >> "POST /session/09b60e86048ac929ddec943a9cfc3f45/element HTTP/1.1[\r][\n]"
2016-04-12 14:47:45  [ Forwarding findElement on session 09b60e86048ac929ddec943a9cfc3f45 to remote:3170 ] - [ DEBUG ]  http-outgoing-1 >> "Content-Type: application/json; charset=utf-8[\r][\n]"
2016-04-12 14:47:45  [ Forwarding findElement on session 09b60e86048ac929ddec943a9cfc3f45 to remote:3170 ] - [ DEBUG ]  http-outgoing-1 >> "Content-Length: 26[\r][\n]"
2016-04-12 14:47:45  [ Forwarding findElement on session 09b60e86048ac929ddec943a9cfc3f45 to remote:3170 ] - [ DEBUG ]  http-outgoing-1 >> "Host: localhost:36452[\r][\n]"
2016-04-12 14:47:45  [ Forwarding findElement on session 09b60e86048ac929ddec943a9cfc3f45 to remote:3170 ] - [ DEBUG ]  http-outgoing-1 >> "Connection: Keep-Alive[\r][\n]"
2016-04-12 14:47:45  [ Forwarding findElement on session 09b60e86048ac929ddec943a9cfc3f45 to remote:3170 ] - [ DEBUG ]  http-outgoing-1 >> "User-Agent: Apache-HttpClient/4.5.2 (Java/1.8.0_45)[\r][\n]"
2016-04-12 14:47:45  [ Forwarding findElement on session 09b60e86048ac929ddec943a9cfc3f45 to remote:3170 ] - [ DEBUG ]  http-outgoing-1 >> "Accept-Encoding: gzip,deflate[\r][\n]"
2016-04-12 14:47:45  [ Forwarding findElement on session 09b60e86048ac929ddec943a9cfc3f45 to remote:3170 ] - [ DEBUG ]  http-outgoing-1 >> "[\r][\n]"
2016-04-12 14:47:45  [ Forwarding findElement on session 09b60e86048ac929ddec943a9cfc3f45 to remote:3170 ] - [ DEBUG ]  http-outgoing-1 >> "{"using":"id","value":"1"}"
2016-04-12 14:47:45  [ Forwarding findElement on session 09b60e86048ac929ddec943a9cfc3f45 to remote:3186 ] - [ DEBUG ]  http-outgoing-1 << "HTTP/1.1 200 OK[\r][\n]"
2016-04-12 14:47:45  [ Forwarding findElement on session 09b60e86048ac929ddec943a9cfc3f45 to remote:3186 ] - [ DEBUG ]  http-outgoing-1 << "Content-Length:322[\r][\n]"
2016-04-12 14:47:45  [ Forwarding findElement on session 09b60e86048ac929ddec943a9cfc3f45 to remote:3187 ] - [ DEBUG ]  http-outgoing-1 << "Content-Type:application/json; charset=utf-8[\r][\n]"
2016-04-12 14:47:45  [ Forwarding findElement on session 09b60e86048ac929ddec943a9cfc3f45 to remote:3187 ] - [ DEBUG ]  http-outgoing-1 << "Connection:close[\r][\n]"
2016-04-12 14:47:45  [ Forwarding findElement on session 09b60e86048ac929ddec943a9cfc3f45 to remote:3187 ] - [ DEBUG ]  http-outgoing-1 << "[\r][\n]"
2016-04-12 14:47:45  [ Forwarding findElement on session 09b60e86048ac929ddec943a9cfc3f45 to remote:3187 ] - [ DEBUG ]  http-outgoing-1 << "{"sessionId":"09b60e86048ac929ddec943a9cfc3f45","status":7,"value":{"message":"no such element: Unable to locate element: {\"method\":\"id\",\"selector\":\"1\"}\n  (Session info: chrome=49.0.2623.112)\n  (Driver info: chromedriver=2.21.371459 (36d3d07f660ff2bc1bf28a75d1cdabed0983e7c4),platform=Mac OS X 10.11.4 x86_64)"}}"
2016-04-12 14:47:45  [ Forwarding findElement on session 09b60e86048ac929ddec943a9cfc3f45 to remote:3187 ] - [ DEBUG ]  http-outgoing-1 << HTTP/1.1 200 OK
2016-04-12 14:47:45  [ Forwarding findElement on session 09b60e86048ac929ddec943a9cfc3f45 to remote:3187 ] - [ DEBUG ]  http-outgoing-1 << Content-Length:322
2016-04-12 14:47:45  [ Forwarding findElement on session 09b60e86048ac929ddec943a9cfc3f45 to remote:3188 ] - [ DEBUG ]  http-outgoing-1 << Content-Type:application/json; charset=utf-8
2016-04-12 14:47:45  [ Forwarding findElement on session 09b60e86048ac929ddec943a9cfc3f45 to remote:3188 ] - [ DEBUG ]  http-outgoing-1 << Connection:close
2016-04-12 14:47:45  [ Forwarding findElement on session 09b60e86048ac929ddec943a9cfc3f45 to remote:3188 ] - [ DEBUG ]  http-outgoing-1: Close connection
2016-04-12 14:47:45  [ Forwarding findElement on session 09b60e86048ac929ddec943a9cfc3f45 to remote:3188 ] - [ DEBUG ]  Connection discarded
2016-04-12 14:47:45  [ Forwarding findElement on session 09b60e86048ac929ddec943a9cfc3f45 to remote:3188 ] - [ DEBUG ]  Connection released: [id: 1][route: {}->http://localhost:36452][total kept alive: 0; route allocated: 0 of 2000; total allocated: 0 of 2000]
2016-04-12 14:51:12  [ main:0 ] - [ INFO ]  ss
2016-04-12 14:51:12  [ main:2 ] - [ INFO ]  ss,Chrome
2016-04-12 14:51:12  [ main:48 ] - [ INFO ]  Reading http://chromedriver.storage.googleapis.com/ to seek chromedriver
2016-04-12 14:51:14  [ main:2381 ] - [ INFO ]  Latest version of chromedriver is 2.21
2016-04-12 14:51:14  [ main:2390 ] - [ DEBUG ]  Using binary driver previously downloaded /Users/chenDoInG/.m2/repository/webdriver/chromedriver/mac32/2.21/chromedriver
2016-04-12 14:51:14  [ main:2391 ] - [ INFO ]  Exporting webdriver.chrome.driver as /Users/chenDoInG/.m2/repository/webdriver/chromedriver/mac32/2.21/chromedriver
2016-04-12 14:51:15  [ Forwarding newSession on session null to remote:2786 ] - [ DEBUG ]  CookieSpec selected: default
2016-04-12 14:51:15  [ Forwarding newSession on session null to remote:2792 ] - [ DEBUG ]  Auth cache not set in the context
2016-04-12 14:51:15  [ Forwarding newSession on session null to remote:2793 ] - [ DEBUG ]  Connection request: [route: {}->http://localhost:6704][total kept alive: 0; route allocated: 0 of 2000; total allocated: 0 of 2000]
2016-04-12 14:51:15  [ Forwarding newSession on session null to remote:2802 ] - [ DEBUG ]  Connection leased: [id: 0][route: {}->http://localhost:6704][total kept alive: 0; route allocated: 1 of 2000; total allocated: 1 of 2000]
2016-04-12 14:51:15  [ Forwarding newSession on session null to remote:2803 ] - [ DEBUG ]  Opening connection {}->http://localhost:6704
2016-04-12 14:51:15  [ Forwarding newSession on session null to remote:2804 ] - [ DEBUG ]  Connecting to localhost/127.0.0.1:6704
2016-04-12 14:51:15  [ Forwarding newSession on session null to remote:2805 ] - [ DEBUG ]  Connection established 127.0.0.1:53761<->127.0.0.1:6704
2016-04-12 14:51:15  [ Forwarding newSession on session null to remote:2805 ] - [ DEBUG ]  http-outgoing-0: set socket timeout to 10800000
2016-04-12 14:51:15  [ Forwarding newSession on session null to remote:2806 ] - [ DEBUG ]  Executing request POST /session HTTP/1.1
2016-04-12 14:51:15  [ Forwarding newSession on session null to remote:2806 ] - [ DEBUG ]  Target auth state: UNCHALLENGED
2016-04-12 14:51:15  [ Forwarding newSession on session null to remote:2807 ] - [ DEBUG ]  Proxy auth state: UNCHALLENGED
2016-04-12 14:51:15  [ Forwarding newSession on session null to remote:2808 ] - [ DEBUG ]  http-outgoing-0 >> POST /session HTTP/1.1
2016-04-12 14:51:15  [ Forwarding newSession on session null to remote:2808 ] - [ DEBUG ]  http-outgoing-0 >> Content-Type: application/json; charset=utf-8
2016-04-12 14:51:15  [ Forwarding newSession on session null to remote:2808 ] - [ DEBUG ]  http-outgoing-0 >> Content-Length: 122
2016-04-12 14:51:15  [ Forwarding newSession on session null to remote:2808 ] - [ DEBUG ]  http-outgoing-0 >> Host: localhost:6704
2016-04-12 14:51:15  [ Forwarding newSession on session null to remote:2809 ] - [ DEBUG ]  http-outgoing-0 >> Connection: Keep-Alive
2016-04-12 14:51:15  [ Forwarding newSession on session null to remote:2809 ] - [ DEBUG ]  http-outgoing-0 >> User-Agent: Apache-HttpClient/4.5.2 (Java/1.8.0_45)
2016-04-12 14:51:15  [ Forwarding newSession on session null to remote:2809 ] - [ DEBUG ]  http-outgoing-0 >> Accept-Encoding: gzip,deflate
2016-04-12 14:51:15  [ Forwarding newSession on session null to remote:2809 ] - [ DEBUG ]  http-outgoing-0 >> "POST /session HTTP/1.1[\r][\n]"
2016-04-12 14:51:15  [ Forwarding newSession on session null to remote:2809 ] - [ DEBUG ]  http-outgoing-0 >> "Content-Type: application/json; charset=utf-8[\r][\n]"
2016-04-12 14:51:15  [ Forwarding newSession on session null to remote:2810 ] - [ DEBUG ]  http-outgoing-0 >> "Content-Length: 122[\r][\n]"
2016-04-12 14:51:15  [ Forwarding newSession on session null to remote:2810 ] - [ DEBUG ]  http-outgoing-0 >> "Host: localhost:6704[\r][\n]"
2016-04-12 14:51:15  [ Forwarding newSession on session null to remote:2810 ] - [ DEBUG ]  http-outgoing-0 >> "Connection: Keep-Alive[\r][\n]"
2016-04-12 14:51:15  [ Forwarding newSession on session null to remote:2810 ] - [ DEBUG ]  http-outgoing-0 >> "User-Agent: Apache-HttpClient/4.5.2 (Java/1.8.0_45)[\r][\n]"
2016-04-12 14:51:15  [ Forwarding newSession on session null to remote:2810 ] - [ DEBUG ]  http-outgoing-0 >> "Accept-Encoding: gzip,deflate[\r][\n]"
2016-04-12 14:51:15  [ Forwarding newSession on session null to remote:2810 ] - [ DEBUG ]  http-outgoing-0 >> "[\r][\n]"
2016-04-12 14:51:15  [ Forwarding newSession on session null to remote:2810 ] - [ DEBUG ]  http-outgoing-0 >> "{"desiredCapabilities":{"browserName":"chrome","chromeOptions":{"args":[],"extensions":[]},"version":"","platform":"ANY"}}"
2016-04-12 14:51:15  [ Forwarding newSession on session null to remote:3503 ] - [ DEBUG ]  http-outgoing-0 << "HTTP/1.1 200 OK[\r][\n]"
2016-04-12 14:51:15  [ Forwarding newSession on session null to remote:3503 ] - [ DEBUG ]  http-outgoing-0 << "Content-Length:704[\r][\n]"
2016-04-12 14:51:15  [ Forwarding newSession on session null to remote:3504 ] - [ DEBUG ]  http-outgoing-0 << "Content-Type:application/json; charset=utf-8[\r][\n]"
2016-04-12 14:51:15  [ Forwarding newSession on session null to remote:3504 ] - [ DEBUG ]  http-outgoing-0 << "Connection:close[\r][\n]"
2016-04-12 14:51:15  [ Forwarding newSession on session null to remote:3504 ] - [ DEBUG ]  http-outgoing-0 << "[\r][\n]"
2016-04-12 14:51:15  [ Forwarding newSession on session null to remote:3504 ] - [ DEBUG ]  http-outgoing-0 << "{"sessionId":"133e01e6539759c2854bfa771e0d65e3","status":0,"value":{"acceptSslCerts":true,"applicationCacheEnabled":false,"browserConnectionEnabled":false,"browserName":"chrome","chrome":{"chromedriverVersion":"2.21.371459 (36d3d07f660ff2bc1bf28a75d1cdabed0983e7c4)","userDataDir":"/var/folders/wm/kww51b5514x2vsb62vc_qxl00000gn/T/.org.chromium.Chromium.GwQcRO"},"cssSelectorsEnabled":true,"databaseEnabled":false,"handlesAlerts":true,"hasTouchScreen":false,"javascriptEnabled":true,"locationContextEnabled":true,"mobileEmulationEnabled":false,"nativeEvents":true,"platform":"Mac OS X","rotatable":false,"takesHeapSnapshot":true,"takesScreenshot":true,"version":"49.0.2623.112","webStorageEnabled":true}}"
2016-04-12 14:51:15  [ Forwarding newSession on session null to remote:3507 ] - [ DEBUG ]  http-outgoing-0 << HTTP/1.1 200 OK
2016-04-12 14:51:15  [ Forwarding newSession on session null to remote:3507 ] - [ DEBUG ]  http-outgoing-0 << Content-Length:704
2016-04-12 14:51:15  [ Forwarding newSession on session null to remote:3507 ] - [ DEBUG ]  http-outgoing-0 << Content-Type:application/json; charset=utf-8
2016-04-12 14:51:15  [ Forwarding newSession on session null to remote:3507 ] - [ DEBUG ]  http-outgoing-0 << Connection:close
2016-04-12 14:51:15  [ Forwarding newSession on session null to remote:3513 ] - [ DEBUG ]  http-outgoing-0: Close connection
2016-04-12 14:51:15  [ Forwarding newSession on session null to remote:3513 ] - [ DEBUG ]  Connection discarded
2016-04-12 14:51:15  [ Forwarding newSession on session null to remote:3514 ] - [ DEBUG ]  Connection released: [id: 0][route: {}->http://localhost:6704][total kept alive: 0; route allocated: 0 of 2000; total allocated: 0 of 2000]
2016-04-12 14:51:15  [ Forwarding findElement on session 133e01e6539759c2854bfa771e0d65e3 to remote:3537 ] - [ DEBUG ]  CookieSpec selected: default
2016-04-12 14:51:15  [ Forwarding findElement on session 133e01e6539759c2854bfa771e0d65e3 to remote:3538 ] - [ DEBUG ]  Auth cache not set in the context
2016-04-12 14:51:15  [ Forwarding findElement on session 133e01e6539759c2854bfa771e0d65e3 to remote:3538 ] - [ DEBUG ]  Connection request: [route: {}->http://localhost:6704][total kept alive: 0; route allocated: 0 of 2000; total allocated: 0 of 2000]
2016-04-12 14:51:15  [ Forwarding findElement on session 133e01e6539759c2854bfa771e0d65e3 to remote:3538 ] - [ DEBUG ]  Connection leased: [id: 1][route: {}->http://localhost:6704][total kept alive: 0; route allocated: 1 of 2000; total allocated: 1 of 2000]
2016-04-12 14:51:15  [ Forwarding findElement on session 133e01e6539759c2854bfa771e0d65e3 to remote:3538 ] - [ DEBUG ]  Opening connection {}->http://localhost:6704
2016-04-12 14:51:15  [ Forwarding findElement on session 133e01e6539759c2854bfa771e0d65e3 to remote:3538 ] - [ DEBUG ]  Connecting to localhost/127.0.0.1:6704
2016-04-12 14:51:15  [ Forwarding findElement on session 133e01e6539759c2854bfa771e0d65e3 to remote:3539 ] - [ DEBUG ]  Connection established 127.0.0.1:53833<->127.0.0.1:6704
2016-04-12 14:51:15  [ Forwarding findElement on session 133e01e6539759c2854bfa771e0d65e3 to remote:3539 ] - [ DEBUG ]  http-outgoing-1: set socket timeout to 10800000
2016-04-12 14:51:15  [ Forwarding findElement on session 133e01e6539759c2854bfa771e0d65e3 to remote:3539 ] - [ DEBUG ]  Executing request POST /session/133e01e6539759c2854bfa771e0d65e3/element HTTP/1.1
2016-04-12 14:51:15  [ Forwarding findElement on session 133e01e6539759c2854bfa771e0d65e3 to remote:3539 ] - [ DEBUG ]  Target auth state: UNCHALLENGED
2016-04-12 14:51:15  [ Forwarding findElement on session 133e01e6539759c2854bfa771e0d65e3 to remote:3539 ] - [ DEBUG ]  Proxy auth state: UNCHALLENGED
2016-04-12 14:51:15  [ Forwarding findElement on session 133e01e6539759c2854bfa771e0d65e3 to remote:3539 ] - [ DEBUG ]  http-outgoing-1 >> POST /session/133e01e6539759c2854bfa771e0d65e3/element HTTP/1.1
2016-04-12 14:51:15  [ Forwarding findElement on session 133e01e6539759c2854bfa771e0d65e3 to remote:3540 ] - [ DEBUG ]  http-outgoing-1 >> Content-Type: application/json; charset=utf-8
2016-04-12 14:51:15  [ Forwarding findElement on session 133e01e6539759c2854bfa771e0d65e3 to remote:3540 ] - [ DEBUG ]  http-outgoing-1 >> Content-Length: 26
2016-04-12 14:51:15  [ Forwarding findElement on session 133e01e6539759c2854bfa771e0d65e3 to remote:3540 ] - [ DEBUG ]  http-outgoing-1 >> Host: localhost:6704
2016-04-12 14:51:15  [ Forwarding findElement on session 133e01e6539759c2854bfa771e0d65e3 to remote:3540 ] - [ DEBUG ]  http-outgoing-1 >> Connection: Keep-Alive
2016-04-12 14:51:15  [ Forwarding findElement on session 133e01e6539759c2854bfa771e0d65e3 to remote:3540 ] - [ DEBUG ]  http-outgoing-1 >> User-Agent: Apache-HttpClient/4.5.2 (Java/1.8.0_45)
2016-04-12 14:51:15  [ Forwarding findElement on session 133e01e6539759c2854bfa771e0d65e3 to remote:3540 ] - [ DEBUG ]  http-outgoing-1 >> Accept-Encoding: gzip,deflate
2016-04-12 14:51:15  [ Forwarding findElement on session 133e01e6539759c2854bfa771e0d65e3 to remote:3540 ] - [ DEBUG ]  http-outgoing-1 >> "POST /session/133e01e6539759c2854bfa771e0d65e3/element HTTP/1.1[\r][\n]"
2016-04-12 14:51:15  [ Forwarding findElement on session 133e01e6539759c2854bfa771e0d65e3 to remote:3541 ] - [ DEBUG ]  http-outgoing-1 >> "Content-Type: application/json; charset=utf-8[\r][\n]"
2016-04-12 14:51:15  [ Forwarding findElement on session 133e01e6539759c2854bfa771e0d65e3 to remote:3541 ] - [ DEBUG ]  http-outgoing-1 >> "Content-Length: 26[\r][\n]"
2016-04-12 14:51:15  [ Forwarding findElement on session 133e01e6539759c2854bfa771e0d65e3 to remote:3541 ] - [ DEBUG ]  http-outgoing-1 >> "Host: localhost:6704[\r][\n]"
2016-04-12 14:51:15  [ Forwarding findElement on session 133e01e6539759c2854bfa771e0d65e3 to remote:3541 ] - [ DEBUG ]  http-outgoing-1 >> "Connection: Keep-Alive[\r][\n]"
2016-04-12 14:51:15  [ Forwarding findElement on session 133e01e6539759c2854bfa771e0d65e3 to remote:3541 ] - [ DEBUG ]  http-outgoing-1 >> "User-Agent: Apache-HttpClient/4.5.2 (Java/1.8.0_45)[\r][\n]"
2016-04-12 14:51:15  [ Forwarding findElement on session 133e01e6539759c2854bfa771e0d65e3 to remote:3541 ] - [ DEBUG ]  http-outgoing-1 >> "Accept-Encoding: gzip,deflate[\r][\n]"
2016-04-12 14:51:15  [ Forwarding findElement on session 133e01e6539759c2854bfa771e0d65e3 to remote:3542 ] - [ DEBUG ]  http-outgoing-1 >> "[\r][\n]"
2016-04-12 14:51:15  [ Forwarding findElement on session 133e01e6539759c2854bfa771e0d65e3 to remote:3542 ] - [ DEBUG ]  http-outgoing-1 >> "{"using":"id","value":"1"}"
2016-04-12 14:51:15  [ Forwarding findElement on session 133e01e6539759c2854bfa771e0d65e3 to remote:3560 ] - [ DEBUG ]  http-outgoing-1 << "HTTP/1.1 200 OK[\r][\n]"
2016-04-12 14:51:15  [ Forwarding findElement on session 133e01e6539759c2854bfa771e0d65e3 to remote:3560 ] - [ DEBUG ]  http-outgoing-1 << "Content-Length:322[\r][\n]"
2016-04-12 14:51:15  [ Forwarding findElement on session 133e01e6539759c2854bfa771e0d65e3 to remote:3560 ] - [ DEBUG ]  http-outgoing-1 << "Content-Type:application/json; charset=utf-8[\r][\n]"
2016-04-12 14:51:15  [ Forwarding findElement on session 133e01e6539759c2854bfa771e0d65e3 to remote:3560 ] - [ DEBUG ]  http-outgoing-1 << "Connection:close[\r][\n]"
2016-04-12 14:51:15  [ Forwarding findElement on session 133e01e6539759c2854bfa771e0d65e3 to remote:3560 ] - [ DEBUG ]  http-outgoing-1 << "[\r][\n]"
2016-04-12 14:51:15  [ Forwarding findElement on session 133e01e6539759c2854bfa771e0d65e3 to remote:3560 ] - [ DEBUG ]  http-outgoing-1 << "{"sessionId":"133e01e6539759c2854bfa771e0d65e3","status":7,"value":{"message":"no such element: Unable to locate element: {\"method\":\"id\",\"selector\":\"1\"}\n  (Session info: chrome=49.0.2623.112)\n  (Driver info: chromedriver=2.21.371459 (36d3d07f660ff2bc1bf28a75d1cdabed0983e7c4),platform=Mac OS X 10.11.4 x86_64)"}}"
2016-04-12 14:51:15  [ Forwarding findElement on session 133e01e6539759c2854bfa771e0d65e3 to remote:3561 ] - [ DEBUG ]  http-outgoing-1 << HTTP/1.1 200 OK
2016-04-12 14:51:15  [ Forwarding findElement on session 133e01e6539759c2854bfa771e0d65e3 to remote:3561 ] - [ DEBUG ]  http-outgoing-1 << Content-Length:322
2016-04-12 14:51:15  [ Forwarding findElement on session 133e01e6539759c2854bfa771e0d65e3 to remote:3561 ] - [ DEBUG ]  http-outgoing-1 << Content-Type:application/json; charset=utf-8
2016-04-12 14:51:15  [ Forwarding findElement on session 133e01e6539759c2854bfa771e0d65e3 to remote:3561 ] - [ DEBUG ]  http-outgoing-1 << Connection:close
2016-04-12 14:51:15  [ Forwarding findElement on session 133e01e6539759c2854bfa771e0d65e3 to remote:3561 ] - [ DEBUG ]  http-outgoing-1: Close connection
2016-04-12 14:51:15  [ Forwarding findElement on session 133e01e6539759c2854bfa771e0d65e3 to remote:3562 ] - [ DEBUG ]  Connection discarded
2016-04-12 14:51:15  [ Forwarding findElement on session 133e01e6539759c2854bfa771e0d65e3 to remote:3562 ] - [ DEBUG ]  Connection released: [id: 1][route: {}->http://localhost:6704][total kept alive: 0; route allocated: 0 of 2000; total allocated: 0 of 2000]
